# Logfile created on 2014-10-20 19:02:21 +1100 by logger.rb/41954
I, [2014-10-20T19:02:21.046260 #13493]  INFO -- : 0:  rake (10.3.2) from /Users/Ryan/.rvm/gems/ruby-2.0.0-p353@mycv-4.1.6/specifications/rake-10.3.2.gemspec
I, [2014-10-20T19:03:00.755364 #13493]  INFO -- : 0:  i18n (0.6.11) from /Users/Ryan/.rvm/gems/ruby-2.0.0-p353@mycv-4.1.6/specifications/i18n-0.6.11.gemspec
I, [2014-10-20T19:03:52.340094 #13493]  INFO -- : 0:  json (1.8.1) from /Users/Ryan/.rvm/gems/ruby-2.0.0-p353@mycv-4.1.6/specifications/json-1.8.1.gemspec
I, [2014-10-20T19:03:54.680784 #13493]  INFO -- : 0:  minitest (5.4.2) from /Users/Ryan/.rvm/gems/ruby-2.0.0-p353@mycv-4.1.6/specifications/minitest-5.4.2.gemspec
I, [2014-10-20T19:04:02.519794 #13493]  INFO -- : 0:  thread_safe (0.3.4) from /Users/Ryan/.rvm/gems/ruby-2.0.0-p353@mycv-4.1.6/specifications/thread_safe-0.3.4.gemspec
I, [2014-10-20T19:04:05.562969 #13493]  INFO -- : 0:  tzinfo (1.2.2) from /Users/Ryan/.rvm/gems/ruby-2.0.0-p353@mycv-4.1.6/specifications/tzinfo-1.2.2.gemspec
I, [2014-10-20T19:04:11.417873 #13493]  INFO -- : 0:  activesupport (4.1.6) from /Users/Ryan/.rvm/gems/ruby-2.0.0-p353@mycv-4.1.6/specifications/activesupport-4.1.6.gemspec
I, [2014-10-20T19:04:13.553876 #13493]  INFO -- : 0:  builder (3.2.2) from /Users/Ryan/.rvm/gems/ruby-2.0.0-p353@mycv-4.1.6/specifications/builder-3.2.2.gemspec
I, [2014-10-20T19:04:16.994129 #13493]  INFO -- : 0:  erubis (2.7.0) from /Users/Ryan/.rvm/gems/ruby-2.0.0-p353@mycv-4.1.6/specifications/erubis-2.7.0.gemspec
I, [2014-10-20T19:04:21.399950 #13493]  INFO -- : 0:  actionview (4.1.6) from /Users/Ryan/.rvm/gems/ruby-2.0.0-p353@mycv-4.1.6/specifications/actionview-4.1.6.gemspec
I, [2014-10-20T19:04:24.953467 #13493]  INFO -- : 0:  rack (1.5.2) from /Users/Ryan/.rvm/gems/ruby-2.0.0-p353@mycv-4.1.6/specifications/rack-1.5.2.gemspec
I, [2014-10-20T19:04:27.130961 #13493]  INFO -- : 0:  rack-test (0.6.2) from /Users/Ryan/.rvm/gems/ruby-2.0.0-p353@mycv-4.1.6/specifications/rack-test-0.6.2.gemspec
I, [2014-10-20T19:04:30.443422 #13493]  INFO -- : 0:  actionpack (4.1.6) from /Users/Ryan/.rvm/gems/ruby-2.0.0-p353@mycv-4.1.6/specifications/actionpack-4.1.6.gemspec
I, [2014-10-20T19:04:33.080112 #13493]  INFO -- : 0:  mime-types (2.4.1) from /Users/Ryan/.rvm/gems/ruby-2.0.0-p353@mycv-4.1.6/specifications/mime-types-2.4.1.gemspec
I, [2014-10-20T19:04:37.849941 #13493]  INFO -- : 0:  mail (2.6.1) from /Users/Ryan/.rvm/gems/ruby-2.0.0-p353@mycv-4.1.6/specifications/mail-2.6.1.gemspec
I, [2014-10-20T19:04:39.861323 #13493]  INFO -- : 0:  actionmailer (4.1.6) from /Users/Ryan/.rvm/gems/ruby-2.0.0-p353@mycv-4.1.6/specifications/actionmailer-4.1.6.gemspec
I, [2014-10-20T19:04:42.400742 #13493]  INFO -- : 0:  activemodel (4.1.6) from /Users/Ryan/.rvm/gems/ruby-2.0.0-p353@mycv-4.1.6/specifications/activemodel-4.1.6.gemspec
I, [2014-10-20T19:04:44.798737 #13493]  INFO -- : 0:  arel (5.0.1.20140414130214) from /Users/Ryan/.rvm/gems/ruby-2.0.0-p353@mycv-4.1.6/specifications/arel-5.0.1.20140414130214.gemspec
I, [2014-10-20T19:04:49.187477 #13493]  INFO -- : 0:  activerecord (4.1.6) from /Users/Ryan/.rvm/gems/ruby-2.0.0-p353@mycv-4.1.6/specifications/activerecord-4.1.6.gemspec
I, [2014-10-20T19:04:51.396746 #13493]  INFO -- : 0:  coffee-script-source (1.8.0) from /Users/Ryan/.rvm/gems/ruby-2.0.0-p353@mycv-4.1.6/specifications/coffee-script-source-1.8.0.gemspec
I, [2014-10-20T19:04:53.437195 #13493]  INFO -- : 0:  execjs (2.2.1) from /Users/Ryan/.rvm/gems/ruby-2.0.0-p353@mycv-4.1.6/specifications/execjs-2.2.1.gemspec
I, [2014-10-20T19:04:55.397839 #13493]  INFO -- : 0:  coffee-script (2.3.0) from /Users/Ryan/.rvm/gems/ruby-2.0.0-p353@mycv-4.1.6/specifications/coffee-script-2.3.0.gemspec
I, [2014-10-20T19:04:57.934211 #13493]  INFO -- : 0:  thor (0.19.1) from /Users/Ryan/.rvm/gems/ruby-2.0.0-p353@mycv-4.1.6/specifications/thor-0.19.1.gemspec
I, [2014-10-20T19:05:01.143847 #13493]  INFO -- : 0:  railties (4.1.6) from /Users/Ryan/.rvm/gems/ruby-2.0.0-p353@mycv-4.1.6/specifications/railties-4.1.6.gemspec
I, [2014-10-20T19:05:02.983828 #13493]  INFO -- : 0:  coffee-rails (4.0.1) from /Users/Ryan/.rvm/gems/ruby-2.0.0-p353@mycv-4.1.6/specifications/coffee-rails-4.0.1.gemspec
I, [2014-10-20T19:05:04.987150 #13493]  INFO -- : 0:  hike (1.2.3) from /Users/Ryan/.rvm/gems/ruby-2.0.0-p353@mycv-4.1.6/specifications/hike-1.2.3.gemspec
I, [2014-10-20T19:05:07.436127 #13493]  INFO -- : 0:  multi_json (1.10.1) from /Users/Ryan/.rvm/gems/ruby-2.0.0-p353@mycv-4.1.6/specifications/multi_json-1.10.1.gemspec
I, [2014-10-20T19:05:09.595703 #13493]  INFO -- : 0:  jbuilder (2.2.2) from /Users/Ryan/.rvm/gems/ruby-2.0.0-p353@mycv-4.1.6/specifications/jbuilder-2.2.2.gemspec
I, [2014-10-20T19:05:13.772033 #13493]  INFO -- : 0:  jquery-rails (3.1.2) from /Users/Ryan/.rvm/gems/ruby-2.0.0-p353@mycv-4.1.6/specifications/jquery-rails-3.1.2.gemspec
I, [2014-10-20T19:05:13.773113 #13493]  INFO -- : 0:  bundler (1.5.1) from /Users/Ryan/.rvm/gems/ruby-2.0.0-p353@global/specifications/bundler-1.5.1.gemspec
I, [2014-10-20T19:05:16.839093 #13493]  INFO -- : 0:  tilt (1.4.1) from /Users/Ryan/.rvm/gems/ruby-2.0.0-p353@mycv-4.1.6/specifications/tilt-1.4.1.gemspec
I, [2014-10-20T19:05:18.965725 #13493]  INFO -- : 0:  sprockets (2.11.0) from /Users/Ryan/.rvm/gems/ruby-2.0.0-p353@mycv-4.1.6/specifications/sprockets-2.11.0.gemspec
I, [2014-10-20T19:05:20.793380 #13493]  INFO -- : 0:  sprockets-rails (2.1.4) from /Users/Ryan/.rvm/gems/ruby-2.0.0-p353@mycv-4.1.6/specifications/sprockets-rails-2.1.4.gemspec
I, [2014-10-20T19:05:39.700913 #13493]  INFO -- : 0:  rails (4.1.6) from /Users/Ryan/.rvm/gems/ruby-2.0.0-p353@mycv-4.1.6/specifications/rails-4.1.6.gemspec
I, [2014-10-20T19:05:51.906888 #13493]  INFO -- : 0:  rdoc (4.1.2) from /Users/Ryan/.rvm/gems/ruby-2.0.0-p353@mycv-4.1.6/specifications/rdoc-4.1.2.gemspec
I, [2014-10-20T19:06:00.648510 #13493]  INFO -- : 0:  sass (3.2.19) from /Users/Ryan/.rvm/gems/ruby-2.0.0-p353@mycv-4.1.6/specifications/sass-3.2.19.gemspec
I, [2014-10-20T19:06:03.979895 #13493]  INFO -- : 0:  sass-rails (4.0.3) from /Users/Ryan/.rvm/gems/ruby-2.0.0-p353@mycv-4.1.6/specifications/sass-rails-4.0.3.gemspec
I, [2014-10-20T19:06:07.117414 #13493]  INFO -- : 0:  sdoc (0.4.1) from /Users/Ryan/.rvm/gems/ruby-2.0.0-p353@mycv-4.1.6/specifications/sdoc-0.4.1.gemspec
I, [2014-10-20T19:06:09.041772 #13493]  INFO -- : 0:  spring (1.1.3) from /Users/Ryan/.rvm/gems/ruby-2.0.0-p353@mycv-4.1.6/specifications/spring-1.1.3.gemspec
I, [2014-10-20T19:06:16.389938 #13493]  INFO -- : 0:  sqlite3 (1.3.9) from /Users/Ryan/.rvm/gems/ruby-2.0.0-p353@mycv-4.1.6/specifications/sqlite3-1.3.9.gemspec
I, [2014-10-20T19:06:22.081839 #13493]  INFO -- : 0:  turbolinks (2.4.0) from /Users/Ryan/.rvm/gems/ruby-2.0.0-p353@mycv-4.1.6/specifications/turbolinks-2.4.0.gemspec
I, [2014-10-20T19:06:29.689292 #13493]  INFO -- : 0:  uglifier (2.5.3) from /Users/Ryan/.rvm/gems/ruby-2.0.0-p353@mycv-4.1.6/specifications/uglifier-2.5.3.gemspec
E, [2014-10-21T17:44:16.948436 #1123] ERROR -- : SystemExit: exit
/Users/Ryan/.rvm/gems/ruby-2.0.0-p353@global/gems/bundler-1.5.1/bin/bundle:4:in `exit'  \n/Users/Ryan/.rvm/gems/ruby-2.0.0-p353@global/gems/bundler-1.5.1/bin/bundle:4:in `block in <top (required)>'  \n/Users/Ryan/.rvm/rubies/ruby-2.0.0-p353/lib/ruby/2.0.0/net/http.rb:918:in `call'  \n/Users/Ryan/.rvm/rubies/ruby-2.0.0-p353/lib/ruby/2.0.0/net/http.rb:918:in `connect'  \n/Users/Ryan/.rvm/rubies/ruby-2.0.0-p353/lib/ruby/2.0.0/net/http.rb:918:in `block in connect'  \n/Users/Ryan/.rvm/rubies/ruby-2.0.0-p353/lib/ruby/2.0.0/timeout.rb:52:in `timeout'  \n/Users/Ryan/.rvm/rubies/ruby-2.0.0-p353/lib/ruby/2.0.0/net/http.rb:918:in `connect'  \n/Users/Ryan/.rvm/rubies/ruby-2.0.0-p353/lib/ruby/2.0.0/net/http.rb:862:in `do_start'  \n/Users/Ryan/.rvm/rubies/ruby-2.0.0-p353/lib/ruby/2.0.0/net/http.rb:857:in `start'  \n/Users/Ryan/.rvm/rubies/ruby-2.0.0-p353/lib/ruby/site_ruby/2.0.0/rubygems/request.rb:96:in `connection_for'  \n/Users/Ryan/.rvm/rubies/ruby-2.0.0-p353/lib/ruby/site_ruby/2.0.0/rubygems/request.rb:122:in `fetch'  \n/Users/Ryan/.rvm/rubies/ruby-2.0.0-p353/lib/ruby/site_ruby/2.0.0/rubygems/remote_fetcher.rb:337:in `request'  \n/Users/Ryan/.rvm/rubies/ruby-2.0.0-p353/lib/ruby/site_ruby/2.0.0/rubygems/remote_fetcher.rb:231:in `fetch_http'  \n/Users/Ryan/.rvm/rubies/ruby-2.0.0-p353/lib/ruby/site_ruby/2.0.0/rubygems/remote_fetcher.rb:246:in `fetch_http'  \n/Users/Ryan/.rvm/rubies/ruby-2.0.0-p353/lib/ruby/site_ruby/2.0.0/rubygems/remote_fetcher.rb:266:in `fetch_path'  \n/Users/Ryan/.rvm/rubies/ruby-2.0.0-p353/lib/ruby/site_ruby/2.0.0/rubygems/remote_fetcher.rb:296:in `cache_update_path'  \n/Users/Ryan/.rvm/rubies/ruby-2.0.0-p353/lib/ruby/site_ruby/2.0.0/rubygems/remote_fetcher.rb:165:in `download'  \n/Users/Ryan/.rvm/gems/ruby-2.0.0-p353@global/gems/bundler-1.5.1/lib/bundler/rubygems_integration.rb:511:in `download_gem'  \n/Users/Ryan/.rvm/gems/ruby-2.0.0-p353@global/gems/bundler-1.5.1/lib/bundler/fetcher.rb:41:in `download_gem_from_uri'  \n/Users/Ryan/.rvm/gems/ruby-2.0.0-p353@global/gems/bundler-1.5.1/lib/bundler/source/rubygems.rb:78:in `install'  \n/Users/Ryan/.rvm/gems/ruby-2.0.0-p353@global/gems/bundler-1.5.1/lib/bundler/installer.rb:111:in `block in install_gem_from_spec'  \n/Users/Ryan/.rvm/gems/ruby-2.0.0-p353@global/gems/bundler-1.5.1/lib/bundler/rubygems_integration.rb:150:in `with_build_args'  \n/Users/Ryan/.rvm/gems/ruby-2.0.0-p353@global/gems/bundler-1.5.1/lib/bundler/installer.rb:110:in `install_gem_from_spec'  \n/Users/Ryan/.rvm/gems/ruby-2.0.0-p353@global/gems/bundler-1.5.1/lib/bundler/installer.rb:295:in `block in install_sequentially'  \n/Users/Ryan/.rvm/rubies/ruby-2.0.0-p353/lib/ruby/2.0.0/forwardable.rb:171:in `each'  \n/Users/Ryan/.rvm/rubies/ruby-2.0.0-p353/lib/ruby/2.0.0/forwardable.rb:171:in `each'  \n/Users/Ryan/.rvm/gems/ruby-2.0.0-p353@global/gems/bundler-1.5.1/lib/bundler/installer.rb:294:in `install_sequentially'  \n/Users/Ryan/.rvm/gems/ruby-2.0.0-p353@global/gems/bundler-1.5.1/lib/bundler/installer.rb:97:in `run'  \n/Users/Ryan/.rvm/gems/ruby-2.0.0-p353@global/gems/bundler-1.5.1/lib/bundler/installer.rb:15:in `install'  \n/Users/Ryan/.rvm/gems/ruby-2.0.0-p353@global/gems/bundler-1.5.1/lib/bundler/cli.rb:257:in `install'  \n/Users/Ryan/.rvm/gems/ruby-2.0.0-p353@global/gems/bundler-1.5.1/lib/bundler/vendor/thor/command.rb:27:in `run'  \n/Users/Ryan/.rvm/gems/ruby-2.0.0-p353@global/gems/bundler-1.5.1/lib/bundler/vendor/thor/invocation.rb:120:in `invoke_command'  \n/Users/Ryan/.rvm/gems/ruby-2.0.0-p353@global/gems/bundler-1.5.1/lib/bundler/vendor/thor.rb:363:in `dispatch'  \n/Users/Ryan/.rvm/gems/ruby-2.0.0-p353@global/gems/bundler-1.5.1/lib/bundler/vendor/thor/base.rb:438:in `start'  \n/Users/Ryan/.rvm/gems/ruby-2.0.0-p353@global/gems/bundler-1.5.1/lib/bundler/cli.rb:10:in `start'  \n/Users/Ryan/.rvm/gems/ruby-2.0.0-p353@global/gems/bundler-1.5.1/bin/bundle:22:in `block in <top (required)>'  \n/Users/Ryan/.rvm/gems/ruby-2.0.0-p353@global/gems/bundler-1.5.1/lib/bundler/friendly_errors.rb:5:in `with_friendly_errors'  \n/Users/Ryan/.rvm/gems/ruby-2.0.0-p353@global/gems/bundler-1.5.1/bin/bundle:22:in `<top (required)>'  \n/Users/Ryan/.rvm/gems/ruby-2.0.0-p353@global/bin/bundle:23:in `load'  \n/Users/Ryan/.rvm/gems/ruby-2.0.0-p353@global/bin/bundle:23:in `<main>'  \n/Users/Ryan/.rvm/gems/ruby-2.0.0-p353@resumeCreator/bin/ruby_executable_hooks:15:in `eval'  \n/Users/Ryan/.rvm/gems/ruby-2.0.0-p353@resumeCreator/bin/ruby_executable_hooks:15:in `<main>'
I, [2014-10-21T17:44:47.622865 #1388]  INFO -- : 0:  rake (10.3.2) from /Users/Ryan/.rvm/gems/ruby-2.0.0-p353@mycv-4.1.6/specifications/rake-10.3.2.gemspec
I, [2014-10-21T17:44:47.623474 #1388]  INFO -- : 0:  i18n (0.6.11) from /Users/Ryan/.rvm/gems/ruby-2.0.0-p353@mycv-4.1.6/specifications/i18n-0.6.11.gemspec
I, [2014-10-21T17:44:47.623948 #1388]  INFO -- : 0:  json (1.8.1) from /Users/Ryan/.rvm/gems/ruby-2.0.0-p353@mycv-4.1.6/specifications/json-1.8.1.gemspec
I, [2014-10-21T17:44:47.624322 #1388]  INFO -- : 0:  minitest (5.4.2) from /Users/Ryan/.rvm/gems/ruby-2.0.0-p353@mycv-4.1.6/specifications/minitest-5.4.2.gemspec
I, [2014-10-21T17:44:47.624684 #1388]  INFO -- : 0:  thread_safe (0.3.4) from /Users/Ryan/.rvm/gems/ruby-2.0.0-p353@mycv-4.1.6/specifications/thread_safe-0.3.4.gemspec
I, [2014-10-21T17:44:47.625071 #1388]  INFO -- : 0:  tzinfo (1.2.2) from /Users/Ryan/.rvm/gems/ruby-2.0.0-p353@mycv-4.1.6/specifications/tzinfo-1.2.2.gemspec
I, [2014-10-21T17:44:47.625454 #1388]  INFO -- : 0:  activesupport (4.1.6) from /Users/Ryan/.rvm/gems/ruby-2.0.0-p353@mycv-4.1.6/specifications/activesupport-4.1.6.gemspec
I, [2014-10-21T17:44:47.625812 #1388]  INFO -- : 0:  builder (3.2.2) from /Users/Ryan/.rvm/gems/ruby-2.0.0-p353@mycv-4.1.6/specifications/builder-3.2.2.gemspec
I, [2014-10-21T17:44:47.626181 #1388]  INFO -- : 0:  erubis (2.7.0) from /Users/Ryan/.rvm/gems/ruby-2.0.0-p353@mycv-4.1.6/specifications/erubis-2.7.0.gemspec
I, [2014-10-21T17:44:47.626826 #1388]  INFO -- : 0:  actionview (4.1.6) from /Users/Ryan/.rvm/gems/ruby-2.0.0-p353@mycv-4.1.6/specifications/actionview-4.1.6.gemspec
I, [2014-10-21T17:44:47.627226 #1388]  INFO -- : 0:  rack (1.5.2) from /Users/Ryan/.rvm/gems/ruby-2.0.0-p353@mycv-4.1.6/specifications/rack-1.5.2.gemspec
I, [2014-10-21T17:44:47.627592 #1388]  INFO -- : 0:  rack-test (0.6.2) from /Users/Ryan/.rvm/gems/ruby-2.0.0-p353@mycv-4.1.6/specifications/rack-test-0.6.2.gemspec
I, [2014-10-21T17:44:47.627953 #1388]  INFO -- : 0:  actionpack (4.1.6) from /Users/Ryan/.rvm/gems/ruby-2.0.0-p353@mycv-4.1.6/specifications/actionpack-4.1.6.gemspec
I, [2014-10-21T17:44:47.628320 #1388]  INFO -- : 0:  mime-types (2.4.1) from /Users/Ryan/.rvm/gems/ruby-2.0.0-p353@mycv-4.1.6/specifications/mime-types-2.4.1.gemspec
I, [2014-10-21T17:44:47.628692 #1388]  INFO -- : 0:  mail (2.6.1) from /Users/Ryan/.rvm/gems/ruby-2.0.0-p353@mycv-4.1.6/specifications/mail-2.6.1.gemspec
I, [2014-10-21T17:44:47.629048 #1388]  INFO -- : 0:  actionmailer (4.1.6) from /Users/Ryan/.rvm/gems/ruby-2.0.0-p353@mycv-4.1.6/specifications/actionmailer-4.1.6.gemspec
I, [2014-10-21T17:44:47.629406 #1388]  INFO -- : 0:  activemodel (4.1.6) from /Users/Ryan/.rvm/gems/ruby-2.0.0-p353@mycv-4.1.6/specifications/activemodel-4.1.6.gemspec
I, [2014-10-21T17:44:47.629765 #1388]  INFO -- : 0:  arel (5.0.1.20140414130214) from /Users/Ryan/.rvm/gems/ruby-2.0.0-p353@mycv-4.1.6/specifications/arel-5.0.1.20140414130214.gemspec
I, [2014-10-21T17:44:47.630352 #1388]  INFO -- : 0:  activerecord (4.1.6) from /Users/Ryan/.rvm/gems/ruby-2.0.0-p353@mycv-4.1.6/specifications/activerecord-4.1.6.gemspec
I, [2014-10-21T17:44:47.630919 #1388]  INFO -- : 0:  coffee-script-source (1.8.0) from /Users/Ryan/.rvm/gems/ruby-2.0.0-p353@mycv-4.1.6/specifications/coffee-script-source-1.8.0.gemspec
I, [2014-10-21T17:44:47.631424 #1388]  INFO -- : 0:  execjs (2.2.1) from /Users/Ryan/.rvm/gems/ruby-2.0.0-p353@mycv-4.1.6/specifications/execjs-2.2.1.gemspec
I, [2014-10-21T17:44:47.631828 #1388]  INFO -- : 0:  coffee-script (2.3.0) from /Users/Ryan/.rvm/gems/ruby-2.0.0-p353@mycv-4.1.6/specifications/coffee-script-2.3.0.gemspec
I, [2014-10-21T17:44:47.632256 #1388]  INFO -- : 0:  thor (0.19.1) from /Users/Ryan/.rvm/gems/ruby-2.0.0-p353@mycv-4.1.6/specifications/thor-0.19.1.gemspec
I, [2014-10-21T17:44:47.632621 #1388]  INFO -- : 0:  railties (4.1.6) from /Users/Ryan/.rvm/gems/ruby-2.0.0-p353@mycv-4.1.6/specifications/railties-4.1.6.gemspec
I, [2014-10-21T17:44:47.632972 #1388]  INFO -- : 0:  coffee-rails (4.0.1) from /Users/Ryan/.rvm/gems/ruby-2.0.0-p353@mycv-4.1.6/specifications/coffee-rails-4.0.1.gemspec
I, [2014-10-21T17:44:47.633375 #1388]  INFO -- : 0:  hike (1.2.3) from /Users/Ryan/.rvm/gems/ruby-2.0.0-p353@mycv-4.1.6/specifications/hike-1.2.3.gemspec
I, [2014-10-21T17:44:47.633743 #1388]  INFO -- : 0:  multi_json (1.10.1) from /Users/Ryan/.rvm/gems/ruby-2.0.0-p353@mycv-4.1.6/specifications/multi_json-1.10.1.gemspec
I, [2014-10-21T17:44:47.634125 #1388]  INFO -- : 0:  jbuilder (2.2.2) from /Users/Ryan/.rvm/gems/ruby-2.0.0-p353@mycv-4.1.6/specifications/jbuilder-2.2.2.gemspec
I, [2014-10-21T17:44:47.634509 #1388]  INFO -- : 0:  jquery-rails (3.1.2) from /Users/Ryan/.rvm/gems/ruby-2.0.0-p353@mycv-4.1.6/specifications/jquery-rails-3.1.2.gemspec
I, [2014-10-21T17:44:47.634856 #1388]  INFO -- : 0:  bundler (1.5.1) from /Users/Ryan/.rvm/gems/ruby-2.0.0-p353@global/specifications/bundler-1.5.1.gemspec
I, [2014-10-21T17:44:47.635247 #1388]  INFO -- : 0:  tilt (1.4.1) from /Users/Ryan/.rvm/gems/ruby-2.0.0-p353@mycv-4.1.6/specifications/tilt-1.4.1.gemspec
I, [2014-10-21T17:44:47.635610 #1388]  INFO -- : 0:  sprockets (2.11.0) from /Users/Ryan/.rvm/gems/ruby-2.0.0-p353@mycv-4.1.6/specifications/sprockets-2.11.0.gemspec
I, [2014-10-21T17:44:47.636006 #1388]  INFO -- : 0:  sprockets-rails (2.1.4) from /Users/Ryan/.rvm/gems/ruby-2.0.0-p353@mycv-4.1.6/specifications/sprockets-rails-2.1.4.gemspec
I, [2014-10-21T17:44:47.636403 #1388]  INFO -- : 0:  rails (4.1.6) from /Users/Ryan/.rvm/gems/ruby-2.0.0-p353@mycv-4.1.6/specifications/rails-4.1.6.gemspec
I, [2014-10-21T17:44:47.636796 #1388]  INFO -- : 0:  rdoc (4.1.2) from /Users/Ryan/.rvm/gems/ruby-2.0.0-p353@mycv-4.1.6/specifications/rdoc-4.1.2.gemspec
I, [2014-10-21T17:44:47.637151 #1388]  INFO -- : 0:  sass (3.2.19) from /Users/Ryan/.rvm/gems/ruby-2.0.0-p353@mycv-4.1.6/specifications/sass-3.2.19.gemspec
I, [2014-10-21T17:44:47.637533 #1388]  INFO -- : 0:  sass-rails (4.0.3) from /Users/Ryan/.rvm/gems/ruby-2.0.0-p353@mycv-4.1.6/specifications/sass-rails-4.0.3.gemspec
I, [2014-10-21T17:44:47.638085 #1388]  INFO -- : 0:  sdoc (0.4.1) from /Users/Ryan/.rvm/gems/ruby-2.0.0-p353@mycv-4.1.6/specifications/sdoc-0.4.1.gemspec
I, [2014-10-21T17:44:47.638501 #1388]  INFO -- : 0:  spring (1.1.3) from /Users/Ryan/.rvm/gems/ruby-2.0.0-p353@mycv-4.1.6/specifications/spring-1.1.3.gemspec
I, [2014-10-21T17:44:47.638937 #1388]  INFO -- : 0:  sqlite3 (1.3.9) from /Users/Ryan/.rvm/gems/ruby-2.0.0-p353@mycv-4.1.6/specifications/sqlite3-1.3.9.gemspec
I, [2014-10-21T17:44:47.639357 #1388]  INFO -- : 0:  turbolinks (2.4.0) from /Users/Ryan/.rvm/gems/ruby-2.0.0-p353@mycv-4.1.6/specifications/turbolinks-2.4.0.gemspec
I, [2014-10-21T17:44:47.639752 #1388]  INFO -- : 0:  uglifier (2.5.3) from /Users/Ryan/.rvm/gems/ruby-2.0.0-p353@mycv-4.1.6/specifications/uglifier-2.5.3.gemspec
I, [2014-10-23T14:29:34.790663 #1474]  INFO -- : 0:  rake (10.3.2) from /Users/Ryan/.rvm/gems/ruby-2.0.0-p353@mycv-4.1.6/specifications/rake-10.3.2.gemspec
I, [2014-10-23T14:29:34.838539 #1474]  INFO -- : 0:  i18n (0.6.11) from /Users/Ryan/.rvm/gems/ruby-2.0.0-p353@mycv-4.1.6/specifications/i18n-0.6.11.gemspec
I, [2014-10-23T14:29:34.839173 #1474]  INFO -- : 0:  json (1.8.1) from /Users/Ryan/.rvm/gems/ruby-2.0.0-p353@mycv-4.1.6/specifications/json-1.8.1.gemspec
I, [2014-10-23T14:29:34.839704 #1474]  INFO -- : 0:  minitest (5.4.2) from /Users/Ryan/.rvm/gems/ruby-2.0.0-p353@mycv-4.1.6/specifications/minitest-5.4.2.gemspec
I, [2014-10-23T14:29:34.840182 #1474]  INFO -- : 0:  thread_safe (0.3.4) from /Users/Ryan/.rvm/gems/ruby-2.0.0-p353@mycv-4.1.6/specifications/thread_safe-0.3.4.gemspec
I, [2014-10-23T14:29:34.840693 #1474]  INFO -- : 0:  tzinfo (1.2.2) from /Users/Ryan/.rvm/gems/ruby-2.0.0-p353@mycv-4.1.6/specifications/tzinfo-1.2.2.gemspec
I, [2014-10-23T14:29:34.841105 #1474]  INFO -- : 0:  activesupport (4.1.6) from /Users/Ryan/.rvm/gems/ruby-2.0.0-p353@mycv-4.1.6/specifications/activesupport-4.1.6.gemspec
I, [2014-10-23T14:29:34.841512 #1474]  INFO -- : 0:  builder (3.2.2) from /Users/Ryan/.rvm/gems/ruby-2.0.0-p353@mycv-4.1.6/specifications/builder-3.2.2.gemspec
I, [2014-10-23T14:29:34.841907 #1474]  INFO -- : 0:  erubis (2.7.0) from /Users/Ryan/.rvm/gems/ruby-2.0.0-p353@mycv-4.1.6/specifications/erubis-2.7.0.gemspec
I, [2014-10-23T14:29:34.842419 #1474]  INFO -- : 0:  actionview (4.1.6) from /Users/Ryan/.rvm/gems/ruby-2.0.0-p353@mycv-4.1.6/specifications/actionview-4.1.6.gemspec
I, [2014-10-23T14:29:34.842827 #1474]  INFO -- : 0:  rack (1.5.2) from /Users/Ryan/.rvm/gems/ruby-2.0.0-p353@mycv-4.1.6/specifications/rack-1.5.2.gemspec
I, [2014-10-23T14:29:34.843217 #1474]  INFO -- : 0:  rack-test (0.6.2) from /Users/Ryan/.rvm/gems/ruby-2.0.0-p353@mycv-4.1.6/specifications/rack-test-0.6.2.gemspec
I, [2014-10-23T14:29:34.843604 #1474]  INFO -- : 0:  actionpack (4.1.6) from /Users/Ryan/.rvm/gems/ruby-2.0.0-p353@mycv-4.1.6/specifications/actionpack-4.1.6.gemspec
I, [2014-10-23T14:29:34.843992 #1474]  INFO -- : 0:  mime-types (2.4.1) from /Users/Ryan/.rvm/gems/ruby-2.0.0-p353@mycv-4.1.6/specifications/mime-types-2.4.1.gemspec
I, [2014-10-23T14:29:34.844407 #1474]  INFO -- : 0:  mail (2.6.1) from /Users/Ryan/.rvm/gems/ruby-2.0.0-p353@mycv-4.1.6/specifications/mail-2.6.1.gemspec
I, [2014-10-23T14:29:34.844804 #1474]  INFO -- : 0:  actionmailer (4.1.6) from /Users/Ryan/.rvm/gems/ruby-2.0.0-p353@mycv-4.1.6/specifications/actionmailer-4.1.6.gemspec
I, [2014-10-23T14:29:34.845189 #1474]  INFO -- : 0:  activemodel (4.1.6) from /Users/Ryan/.rvm/gems/ruby-2.0.0-p353@mycv-4.1.6/specifications/activemodel-4.1.6.gemspec
I, [2014-10-23T14:29:34.845576 #1474]  INFO -- : 0:  arel (5.0.1.20140414130214) from /Users/Ryan/.rvm/gems/ruby-2.0.0-p353@mycv-4.1.6/specifications/arel-5.0.1.20140414130214.gemspec
I, [2014-10-23T14:29:34.845944 #1474]  INFO -- : 0:  activerecord (4.1.6) from /Users/Ryan/.rvm/gems/ruby-2.0.0-p353@mycv-4.1.6/specifications/activerecord-4.1.6.gemspec
I, [2014-10-23T14:29:34.846304 #1474]  INFO -- : 0:  bundler (1.5.1) from /Users/Ryan/.rvm/gems/ruby-2.0.0-p353@global/specifications/bundler-1.5.1.gemspec
I, [2014-10-23T14:29:34.846685 #1474]  INFO -- : 0:  coffee-script-source (1.8.0) from /Users/Ryan/.rvm/gems/ruby-2.0.0-p353@mycv-4.1.6/specifications/coffee-script-source-1.8.0.gemspec
I, [2014-10-23T14:29:34.847070 #1474]  INFO -- : 0:  execjs (2.2.1) from /Users/Ryan/.rvm/gems/ruby-2.0.0-p353@mycv-4.1.6/specifications/execjs-2.2.1.gemspec
I, [2014-10-23T14:29:34.847543 #1474]  INFO -- : 0:  coffee-script (2.3.0) from /Users/Ryan/.rvm/gems/ruby-2.0.0-p353@mycv-4.1.6/specifications/coffee-script-2.3.0.gemspec
I, [2014-10-23T14:29:34.847931 #1474]  INFO -- : 0:  thor (0.19.1) from /Users/Ryan/.rvm/gems/ruby-2.0.0-p353@mycv-4.1.6/specifications/thor-0.19.1.gemspec
I, [2014-10-23T14:29:34.848306 #1474]  INFO -- : 0:  railties (4.1.6) from /Users/Ryan/.rvm/gems/ruby-2.0.0-p353@mycv-4.1.6/specifications/railties-4.1.6.gemspec
I, [2014-10-23T14:29:34.848665 #1474]  INFO -- : 0:  coffee-rails (4.0.1) from /Users/Ryan/.rvm/gems/ruby-2.0.0-p353@mycv-4.1.6/specifications/coffee-rails-4.0.1.gemspec
I, [2014-10-23T14:29:38.704965 #1474]  INFO -- : 0:  diff-lcs (1.2.5) from /Users/Ryan/.rvm/gems/ruby-2.0.0-p353@mycv-4.1.6/specifications/diff-lcs-1.2.5.gemspec
I, [2014-10-23T14:29:38.705667 #1474]  INFO -- : 0:  hike (1.2.3) from /Users/Ryan/.rvm/gems/ruby-2.0.0-p353@mycv-4.1.6/specifications/hike-1.2.3.gemspec
I, [2014-10-23T14:29:38.706176 #1474]  INFO -- : 0:  multi_json (1.10.1) from /Users/Ryan/.rvm/gems/ruby-2.0.0-p353@mycv-4.1.6/specifications/multi_json-1.10.1.gemspec
I, [2014-10-23T14:29:38.706604 #1474]  INFO -- : 0:  jbuilder (2.2.2) from /Users/Ryan/.rvm/gems/ruby-2.0.0-p353@mycv-4.1.6/specifications/jbuilder-2.2.2.gemspec
I, [2014-10-23T14:29:38.707038 #1474]  INFO -- : 0:  jquery-rails (3.1.2) from /Users/Ryan/.rvm/gems/ruby-2.0.0-p353@mycv-4.1.6/specifications/jquery-rails-3.1.2.gemspec
I, [2014-10-23T14:29:38.707446 #1474]  INFO -- : 0:  tilt (1.4.1) from /Users/Ryan/.rvm/gems/ruby-2.0.0-p353@mycv-4.1.6/specifications/tilt-1.4.1.gemspec
I, [2014-10-23T14:29:38.707870 #1474]  INFO -- : 0:  sprockets (2.11.0) from /Users/Ryan/.rvm/gems/ruby-2.0.0-p353@mycv-4.1.6/specifications/sprockets-2.11.0.gemspec
I, [2014-10-23T14:29:38.708286 #1474]  INFO -- : 0:  sprockets-rails (2.1.4) from /Users/Ryan/.rvm/gems/ruby-2.0.0-p353@mycv-4.1.6/specifications/sprockets-rails-2.1.4.gemspec
I, [2014-10-23T14:29:38.708692 #1474]  INFO -- : 0:  rails (4.1.6) from /Users/Ryan/.rvm/gems/ruby-2.0.0-p353@mycv-4.1.6/specifications/rails-4.1.6.gemspec
I, [2014-10-23T14:29:38.709106 #1474]  INFO -- : 0:  rdoc (4.1.2) from /Users/Ryan/.rvm/gems/ruby-2.0.0-p353@mycv-4.1.6/specifications/rdoc-4.1.2.gemspec
I, [2014-10-23T14:29:40.328134 #1474]  INFO -- : 0:  rspec-support (3.1.2) from /Users/Ryan/.rvm/gems/ruby-2.0.0-p353@mycv-4.1.6/specifications/rspec-support-3.1.2.gemspec
I, [2014-10-23T14:29:58.759153 #1474]  INFO -- : 0:  rspec-core (3.1.7) from /Users/Ryan/.rvm/gems/ruby-2.0.0-p353@mycv-4.1.6/specifications/rspec-core-3.1.7.gemspec
I, [2014-10-23T14:30:09.098010 #1474]  INFO -- : 0:  rspec-expectations (3.1.2) from /Users/Ryan/.rvm/gems/ruby-2.0.0-p353@mycv-4.1.6/specifications/rspec-expectations-3.1.2.gemspec
I, [2014-10-23T14:30:23.205594 #1474]  INFO -- : 0:  rspec-mocks (3.1.3) from /Users/Ryan/.rvm/gems/ruby-2.0.0-p353@mycv-4.1.6/specifications/rspec-mocks-3.1.3.gemspec
I, [2014-10-23T14:30:26.652471 #1474]  INFO -- : 0:  rspec (3.1.0) from /Users/Ryan/.rvm/gems/ruby-2.0.0-p353@mycv-4.1.6/specifications/rspec-3.1.0.gemspec
I, [2014-10-23T14:30:32.358702 #1474]  INFO -- : 0:  rspec-rails (3.1.0) from /Users/Ryan/.rvm/gems/ruby-2.0.0-p353@mycv-4.1.6/specifications/rspec-rails-3.1.0.gemspec
I, [2014-10-23T14:30:32.359236 #1474]  INFO -- : 0:  sass (3.2.19) from /Users/Ryan/.rvm/gems/ruby-2.0.0-p353@mycv-4.1.6/specifications/sass-3.2.19.gemspec
I, [2014-10-23T14:30:32.359606 #1474]  INFO -- : 0:  sass-rails (4.0.3) from /Users/Ryan/.rvm/gems/ruby-2.0.0-p353@mycv-4.1.6/specifications/sass-rails-4.0.3.gemspec
I, [2014-10-23T14:30:32.359964 #1474]  INFO -- : 0:  sdoc (0.4.1) from /Users/Ryan/.rvm/gems/ruby-2.0.0-p353@mycv-4.1.6/specifications/sdoc-0.4.1.gemspec
I, [2014-10-23T14:30:32.360317 #1474]  INFO -- : 0:  spring (1.1.3) from /Users/Ryan/.rvm/gems/ruby-2.0.0-p353@mycv-4.1.6/specifications/spring-1.1.3.gemspec
I, [2014-10-23T14:30:32.360671 #1474]  INFO -- : 0:  sqlite3 (1.3.9) from /Users/Ryan/.rvm/gems/ruby-2.0.0-p353@mycv-4.1.6/specifications/sqlite3-1.3.9.gemspec
I, [2014-10-23T14:30:32.361025 #1474]  INFO -- : 0:  turbolinks (2.4.0) from /Users/Ryan/.rvm/gems/ruby-2.0.0-p353@mycv-4.1.6/specifications/turbolinks-2.4.0.gemspec
I, [2014-10-23T14:30:32.361378 #1474]  INFO -- : 0:  uglifier (2.5.3) from /Users/Ryan/.rvm/gems/ruby-2.0.0-p353@mycv-4.1.6/specifications/uglifier-2.5.3.gemspec
I, [2014-10-23T15:17:21.680370 #1694]  INFO -- : 0:  rake (10.3.2) from /Users/Ryan/.rvm/gems/ruby-2.0.0-p353@mycv-4.1.6/specifications/rake-10.3.2.gemspec
I, [2014-10-23T15:17:21.681136 #1694]  INFO -- : 0:  i18n (0.6.11) from /Users/Ryan/.rvm/gems/ruby-2.0.0-p353@mycv-4.1.6/specifications/i18n-0.6.11.gemspec
I, [2014-10-23T15:17:21.681542 #1694]  INFO -- : 0:  json (1.8.1) from /Users/Ryan/.rvm/gems/ruby-2.0.0-p353@mycv-4.1.6/specifications/json-1.8.1.gemspec
I, [2014-10-23T15:17:21.681914 #1694]  INFO -- : 0:  minitest (5.4.2) from /Users/Ryan/.rvm/gems/ruby-2.0.0-p353@mycv-4.1.6/specifications/minitest-5.4.2.gemspec
I, [2014-10-23T15:17:21.682271 #1694]  INFO -- : 0:  thread_safe (0.3.4) from /Users/Ryan/.rvm/gems/ruby-2.0.0-p353@mycv-4.1.6/specifications/thread_safe-0.3.4.gemspec
I, [2014-10-23T15:17:21.713021 #1694]  INFO -- : 0:  tzinfo (1.2.2) from /Users/Ryan/.rvm/gems/ruby-2.0.0-p353@mycv-4.1.6/specifications/tzinfo-1.2.2.gemspec
I, [2014-10-23T15:17:21.713476 #1694]  INFO -- : 0:  activesupport (4.1.6) from /Users/Ryan/.rvm/gems/ruby-2.0.0-p353@mycv-4.1.6/specifications/activesupport-4.1.6.gemspec
I, [2014-10-23T15:17:21.713861 #1694]  INFO -- : 0:  builder (3.2.2) from /Users/Ryan/.rvm/gems/ruby-2.0.0-p353@mycv-4.1.6/specifications/builder-3.2.2.gemspec
I, [2014-10-23T15:17:21.714241 #1694]  INFO -- : 0:  erubis (2.7.0) from /Users/Ryan/.rvm/gems/ruby-2.0.0-p353@mycv-4.1.6/specifications/erubis-2.7.0.gemspec
I, [2014-10-23T15:17:21.714630 #1694]  INFO -- : 0:  actionview (4.1.6) from /Users/Ryan/.rvm/gems/ruby-2.0.0-p353@mycv-4.1.6/specifications/actionview-4.1.6.gemspec
I, [2014-10-23T15:17:21.715032 #1694]  INFO -- : 0:  rack (1.5.2) from /Users/Ryan/.rvm/gems/ruby-2.0.0-p353@mycv-4.1.6/specifications/rack-1.5.2.gemspec
I, [2014-10-23T15:17:21.715447 #1694]  INFO -- : 0:  rack-test (0.6.2) from /Users/Ryan/.rvm/gems/ruby-2.0.0-p353@mycv-4.1.6/specifications/rack-test-0.6.2.gemspec
I, [2014-10-23T15:17:21.715846 #1694]  INFO -- : 0:  actionpack (4.1.6) from /Users/Ryan/.rvm/gems/ruby-2.0.0-p353@mycv-4.1.6/specifications/actionpack-4.1.6.gemspec
I, [2014-10-23T15:17:21.716230 #1694]  INFO -- : 0:  mime-types (2.4.1) from /Users/Ryan/.rvm/gems/ruby-2.0.0-p353@mycv-4.1.6/specifications/mime-types-2.4.1.gemspec
I, [2014-10-23T15:17:21.716594 #1694]  INFO -- : 0:  mail (2.6.1) from /Users/Ryan/.rvm/gems/ruby-2.0.0-p353@mycv-4.1.6/specifications/mail-2.6.1.gemspec
I, [2014-10-23T15:17:21.717043 #1694]  INFO -- : 0:  actionmailer (4.1.6) from /Users/Ryan/.rvm/gems/ruby-2.0.0-p353@mycv-4.1.6/specifications/actionmailer-4.1.6.gemspec
I, [2014-10-23T15:17:21.717467 #1694]  INFO -- : 0:  activemodel (4.1.6) from /Users/Ryan/.rvm/gems/ruby-2.0.0-p353@mycv-4.1.6/specifications/activemodel-4.1.6.gemspec
I, [2014-10-23T15:17:21.717849 #1694]  INFO -- : 0:  arel (5.0.1.20140414130214) from /Users/Ryan/.rvm/gems/ruby-2.0.0-p353@mycv-4.1.6/specifications/arel-5.0.1.20140414130214.gemspec
I, [2014-10-23T15:17:21.718242 #1694]  INFO -- : 0:  activerecord (4.1.6) from /Users/Ryan/.rvm/gems/ruby-2.0.0-p353@mycv-4.1.6/specifications/activerecord-4.1.6.gemspec
I, [2014-10-23T15:17:21.718616 #1694]  INFO -- : 0:  bundler (1.5.1) from /Users/Ryan/.rvm/gems/ruby-2.0.0-p353@global/specifications/bundler-1.5.1.gemspec
I, [2014-10-23T15:17:21.719134 #1694]  INFO -- : 0:  coffee-script-source (1.8.0) from /Users/Ryan/.rvm/gems/ruby-2.0.0-p353@mycv-4.1.6/specifications/coffee-script-source-1.8.0.gemspec
I, [2014-10-23T15:17:21.719532 #1694]  INFO -- : 0:  execjs (2.2.1) from /Users/Ryan/.rvm/gems/ruby-2.0.0-p353@mycv-4.1.6/specifications/execjs-2.2.1.gemspec
I, [2014-10-23T15:17:21.720210 #1694]  INFO -- : 0:  coffee-script (2.3.0) from /Users/Ryan/.rvm/gems/ruby-2.0.0-p353@mycv-4.1.6/specifications/coffee-script-2.3.0.gemspec
I, [2014-10-23T15:17:21.720763 #1694]  INFO -- : 0:  thor (0.19.1) from /Users/Ryan/.rvm/gems/ruby-2.0.0-p353@mycv-4.1.6/specifications/thor-0.19.1.gemspec
I, [2014-10-23T15:17:21.721171 #1694]  INFO -- : 0:  railties (4.1.6) from /Users/Ryan/.rvm/gems/ruby-2.0.0-p353@mycv-4.1.6/specifications/railties-4.1.6.gemspec
I, [2014-10-23T15:17:21.721570 #1694]  INFO -- : 0:  coffee-rails (4.0.1) from /Users/Ryan/.rvm/gems/ruby-2.0.0-p353@mycv-4.1.6/specifications/coffee-rails-4.0.1.gemspec
I, [2014-10-23T15:17:21.721981 #1694]  INFO -- : 0:  diff-lcs (1.2.5) from /Users/Ryan/.rvm/gems/ruby-2.0.0-p353@mycv-4.1.6/specifications/diff-lcs-1.2.5.gemspec
I, [2014-10-23T15:17:42.128766 #1694]  INFO -- : 0:  factory_girl (4.5.0) from /Users/Ryan/.rvm/gems/ruby-2.0.0-p353@mycv-4.1.6/specifications/factory_girl-4.5.0.gemspec
I, [2014-10-23T15:17:47.559273 #1694]  INFO -- : 0:  factory_girl_rails (4.5.0) from /Users/Ryan/.rvm/gems/ruby-2.0.0-p353@mycv-4.1.6/specifications/factory_girl_rails-4.5.0.gemspec
I, [2014-10-23T15:17:47.559904 #1694]  INFO -- : 0:  hike (1.2.3) from /Users/Ryan/.rvm/gems/ruby-2.0.0-p353@mycv-4.1.6/specifications/hike-1.2.3.gemspec
I, [2014-10-23T15:17:47.560304 #1694]  INFO -- : 0:  multi_json (1.10.1) from /Users/Ryan/.rvm/gems/ruby-2.0.0-p353@mycv-4.1.6/specifications/multi_json-1.10.1.gemspec
I, [2014-10-23T15:17:47.560681 #1694]  INFO -- : 0:  jbuilder (2.2.2) from /Users/Ryan/.rvm/gems/ruby-2.0.0-p353@mycv-4.1.6/specifications/jbuilder-2.2.2.gemspec
I, [2014-10-23T15:17:47.561061 #1694]  INFO -- : 0:  jquery-rails (3.1.2) from /Users/Ryan/.rvm/gems/ruby-2.0.0-p353@mycv-4.1.6/specifications/jquery-rails-3.1.2.gemspec
I, [2014-10-23T15:17:47.561549 #1694]  INFO -- : 0:  tilt (1.4.1) from /Users/Ryan/.rvm/gems/ruby-2.0.0-p353@mycv-4.1.6/specifications/tilt-1.4.1.gemspec
I, [2014-10-23T15:17:47.562063 #1694]  INFO -- : 0:  sprockets (2.11.0) from /Users/Ryan/.rvm/gems/ruby-2.0.0-p353@mycv-4.1.6/specifications/sprockets-2.11.0.gemspec
I, [2014-10-23T15:17:47.562653 #1694]  INFO -- : 0:  sprockets-rails (2.1.4) from /Users/Ryan/.rvm/gems/ruby-2.0.0-p353@mycv-4.1.6/specifications/sprockets-rails-2.1.4.gemspec
I, [2014-10-23T15:17:47.563184 #1694]  INFO -- : 0:  rails (4.1.6) from /Users/Ryan/.rvm/gems/ruby-2.0.0-p353@mycv-4.1.6/specifications/rails-4.1.6.gemspec
I, [2014-10-23T15:17:47.563752 #1694]  INFO -- : 0:  rdoc (4.1.2) from /Users/Ryan/.rvm/gems/ruby-2.0.0-p353@mycv-4.1.6/specifications/rdoc-4.1.2.gemspec
I, [2014-10-23T15:17:47.564290 #1694]  INFO -- : 0:  rspec-support (3.1.2) from /Users/Ryan/.rvm/gems/ruby-2.0.0-p353@mycv-4.1.6/specifications/rspec-support-3.1.2.gemspec
I, [2014-10-23T15:17:47.564689 #1694]  INFO -- : 0:  rspec-core (3.1.7) from /Users/Ryan/.rvm/gems/ruby-2.0.0-p353@mycv-4.1.6/specifications/rspec-core-3.1.7.gemspec
I, [2014-10-23T15:17:47.565119 #1694]  INFO -- : 0:  rspec-expectations (3.1.2) from /Users/Ryan/.rvm/gems/ruby-2.0.0-p353@mycv-4.1.6/specifications/rspec-expectations-3.1.2.gemspec
I, [2014-10-23T15:17:47.565510 #1694]  INFO -- : 0:  rspec-mocks (3.1.3) from /Users/Ryan/.rvm/gems/ruby-2.0.0-p353@mycv-4.1.6/specifications/rspec-mocks-3.1.3.gemspec
I, [2014-10-23T15:17:47.565910 #1694]  INFO -- : 0:  rspec (3.1.0) from /Users/Ryan/.rvm/gems/ruby-2.0.0-p353@mycv-4.1.6/specifications/rspec-3.1.0.gemspec
I, [2014-10-23T15:17:47.566300 #1694]  INFO -- : 0:  rspec-rails (3.1.0) from /Users/Ryan/.rvm/gems/ruby-2.0.0-p353@mycv-4.1.6/specifications/rspec-rails-3.1.0.gemspec
I, [2014-10-23T15:17:47.566702 #1694]  INFO -- : 0:  sass (3.2.19) from /Users/Ryan/.rvm/gems/ruby-2.0.0-p353@mycv-4.1.6/specifications/sass-3.2.19.gemspec
I, [2014-10-23T15:17:47.567087 #1694]  INFO -- : 0:  sass-rails (4.0.3) from /Users/Ryan/.rvm/gems/ruby-2.0.0-p353@mycv-4.1.6/specifications/sass-rails-4.0.3.gemspec
I, [2014-10-23T15:17:47.567469 #1694]  INFO -- : 0:  sdoc (0.4.1) from /Users/Ryan/.rvm/gems/ruby-2.0.0-p353@mycv-4.1.6/specifications/sdoc-0.4.1.gemspec
I, [2014-10-23T15:17:47.567847 #1694]  INFO -- : 0:  spring (1.1.3) from /Users/Ryan/.rvm/gems/ruby-2.0.0-p353@mycv-4.1.6/specifications/spring-1.1.3.gemspec
I, [2014-10-23T15:17:47.568224 #1694]  INFO -- : 0:  sqlite3 (1.3.9) from /Users/Ryan/.rvm/gems/ruby-2.0.0-p353@mycv-4.1.6/specifications/sqlite3-1.3.9.gemspec
I, [2014-10-23T15:17:47.568620 #1694]  INFO -- : 0:  turbolinks (2.4.0) from /Users/Ryan/.rvm/gems/ruby-2.0.0-p353@mycv-4.1.6/specifications/turbolinks-2.4.0.gemspec
I, [2014-10-23T15:17:47.569022 #1694]  INFO -- : 0:  uglifier (2.5.3) from /Users/Ryan/.rvm/gems/ruby-2.0.0-p353@mycv-4.1.6/specifications/uglifier-2.5.3.gemspec
I, [2014-10-23T15:23:06.816003 #1732]  INFO -- : 0:  rake (10.3.2) from /Users/Ryan/.rvm/gems/ruby-2.0.0-p353@mycv-4.1.6/specifications/rake-10.3.2.gemspec
I, [2014-10-23T15:23:06.816603 #1732]  INFO -- : 0:  i18n (0.6.11) from /Users/Ryan/.rvm/gems/ruby-2.0.0-p353@mycv-4.1.6/specifications/i18n-0.6.11.gemspec
I, [2014-10-23T15:23:06.817321 #1732]  INFO -- : 0:  json (1.8.1) from /Users/Ryan/.rvm/gems/ruby-2.0.0-p353@mycv-4.1.6/specifications/json-1.8.1.gemspec
I, [2014-10-23T15:23:06.817739 #1732]  INFO -- : 0:  minitest (5.4.2) from /Users/Ryan/.rvm/gems/ruby-2.0.0-p353@mycv-4.1.6/specifications/minitest-5.4.2.gemspec
I, [2014-10-23T15:23:06.818149 #1732]  INFO -- : 0:  thread_safe (0.3.4) from /Users/Ryan/.rvm/gems/ruby-2.0.0-p353@mycv-4.1.6/specifications/thread_safe-0.3.4.gemspec
I, [2014-10-23T15:23:06.818559 #1732]  INFO -- : 0:  tzinfo (1.2.2) from /Users/Ryan/.rvm/gems/ruby-2.0.0-p353@mycv-4.1.6/specifications/tzinfo-1.2.2.gemspec
I, [2014-10-23T15:23:06.819001 #1732]  INFO -- : 0:  activesupport (4.1.6) from /Users/Ryan/.rvm/gems/ruby-2.0.0-p353@mycv-4.1.6/specifications/activesupport-4.1.6.gemspec
I, [2014-10-23T15:23:06.819406 #1732]  INFO -- : 0:  builder (3.2.2) from /Users/Ryan/.rvm/gems/ruby-2.0.0-p353@mycv-4.1.6/specifications/builder-3.2.2.gemspec
I, [2014-10-23T15:23:06.819807 #1732]  INFO -- : 0:  erubis (2.7.0) from /Users/Ryan/.rvm/gems/ruby-2.0.0-p353@mycv-4.1.6/specifications/erubis-2.7.0.gemspec
I, [2014-10-23T15:23:06.820219 #1732]  INFO -- : 0:  actionview (4.1.6) from /Users/Ryan/.rvm/gems/ruby-2.0.0-p353@mycv-4.1.6/specifications/actionview-4.1.6.gemspec
I, [2014-10-23T15:23:06.820796 #1732]  INFO -- : 0:  rack (1.5.2) from /Users/Ryan/.rvm/gems/ruby-2.0.0-p353@mycv-4.1.6/specifications/rack-1.5.2.gemspec
I, [2014-10-23T15:23:06.821359 #1732]  INFO -- : 0:  rack-test (0.6.2) from /Users/Ryan/.rvm/gems/ruby-2.0.0-p353@mycv-4.1.6/specifications/rack-test-0.6.2.gemspec
I, [2014-10-23T15:23:06.821740 #1732]  INFO -- : 0:  actionpack (4.1.6) from /Users/Ryan/.rvm/gems/ruby-2.0.0-p353@mycv-4.1.6/specifications/actionpack-4.1.6.gemspec
I, [2014-10-23T15:23:06.822161 #1732]  INFO -- : 0:  mime-types (2.4.1) from /Users/Ryan/.rvm/gems/ruby-2.0.0-p353@mycv-4.1.6/specifications/mime-types-2.4.1.gemspec
I, [2014-10-23T15:23:06.822571 #1732]  INFO -- : 0:  mail (2.6.1) from /Users/Ryan/.rvm/gems/ruby-2.0.0-p353@mycv-4.1.6/specifications/mail-2.6.1.gemspec
I, [2014-10-23T15:23:06.822945 #1732]  INFO -- : 0:  actionmailer (4.1.6) from /Users/Ryan/.rvm/gems/ruby-2.0.0-p353@mycv-4.1.6/specifications/actionmailer-4.1.6.gemspec
I, [2014-10-23T15:23:06.823328 #1732]  INFO -- : 0:  activemodel (4.1.6) from /Users/Ryan/.rvm/gems/ruby-2.0.0-p353@mycv-4.1.6/specifications/activemodel-4.1.6.gemspec
I, [2014-10-23T15:23:06.823710 #1732]  INFO -- : 0:  arel (5.0.1.20140414130214) from /Users/Ryan/.rvm/gems/ruby-2.0.0-p353@mycv-4.1.6/specifications/arel-5.0.1.20140414130214.gemspec
I, [2014-10-23T15:23:06.824084 #1732]  INFO -- : 0:  activerecord (4.1.6) from /Users/Ryan/.rvm/gems/ruby-2.0.0-p353@mycv-4.1.6/specifications/activerecord-4.1.6.gemspec
I, [2014-10-23T15:23:06.824582 #1732]  INFO -- : 0:  bundler (1.5.1) from /Users/Ryan/.rvm/gems/ruby-2.0.0-p353@global/specifications/bundler-1.5.1.gemspec
I, [2014-10-23T15:23:06.825230 #1732]  INFO -- : 0:  coffee-script-source (1.8.0) from /Users/Ryan/.rvm/gems/ruby-2.0.0-p353@mycv-4.1.6/specifications/coffee-script-source-1.8.0.gemspec
I, [2014-10-23T15:23:06.825694 #1732]  INFO -- : 0:  execjs (2.2.1) from /Users/Ryan/.rvm/gems/ruby-2.0.0-p353@mycv-4.1.6/specifications/execjs-2.2.1.gemspec
I, [2014-10-23T15:23:06.826104 #1732]  INFO -- : 0:  coffee-script (2.3.0) from /Users/Ryan/.rvm/gems/ruby-2.0.0-p353@mycv-4.1.6/specifications/coffee-script-2.3.0.gemspec
I, [2014-10-23T15:23:06.826516 #1732]  INFO -- : 0:  thor (0.19.1) from /Users/Ryan/.rvm/gems/ruby-2.0.0-p353@mycv-4.1.6/specifications/thor-0.19.1.gemspec
I, [2014-10-23T15:23:06.826916 #1732]  INFO -- : 0:  railties (4.1.6) from /Users/Ryan/.rvm/gems/ruby-2.0.0-p353@mycv-4.1.6/specifications/railties-4.1.6.gemspec
I, [2014-10-23T15:23:06.827332 #1732]  INFO -- : 0:  coffee-rails (4.0.1) from /Users/Ryan/.rvm/gems/ruby-2.0.0-p353@mycv-4.1.6/specifications/coffee-rails-4.0.1.gemspec
I, [2014-10-23T15:23:06.827743 #1732]  INFO -- : 0:  diff-lcs (1.2.5) from /Users/Ryan/.rvm/gems/ruby-2.0.0-p353@mycv-4.1.6/specifications/diff-lcs-1.2.5.gemspec
I, [2014-10-23T15:23:06.828137 #1732]  INFO -- : 0:  factory_girl (4.5.0) from /Users/Ryan/.rvm/gems/ruby-2.0.0-p353@mycv-4.1.6/specifications/factory_girl-4.5.0.gemspec
I, [2014-10-23T15:23:06.828548 #1732]  INFO -- : 0:  factory_girl_rails (4.5.0) from /Users/Ryan/.rvm/gems/ruby-2.0.0-p353@mycv-4.1.6/specifications/factory_girl_rails-4.5.0.gemspec
I, [2014-10-23T15:23:22.722394 #1732]  INFO -- : 0:  faker (1.4.3) from /Users/Ryan/.rvm/gems/ruby-2.0.0-p353@mycv-4.1.6/specifications/faker-1.4.3.gemspec
I, [2014-10-23T15:23:22.723205 #1732]  INFO -- : 0:  hike (1.2.3) from /Users/Ryan/.rvm/gems/ruby-2.0.0-p353@mycv-4.1.6/specifications/hike-1.2.3.gemspec
I, [2014-10-23T15:23:22.723696 #1732]  INFO -- : 0:  multi_json (1.10.1) from /Users/Ryan/.rvm/gems/ruby-2.0.0-p353@mycv-4.1.6/specifications/multi_json-1.10.1.gemspec
I, [2014-10-23T15:23:22.724141 #1732]  INFO -- : 0:  jbuilder (2.2.2) from /Users/Ryan/.rvm/gems/ruby-2.0.0-p353@mycv-4.1.6/specifications/jbuilder-2.2.2.gemspec
I, [2014-10-23T15:23:22.724584 #1732]  INFO -- : 0:  jquery-rails (3.1.2) from /Users/Ryan/.rvm/gems/ruby-2.0.0-p353@mycv-4.1.6/specifications/jquery-rails-3.1.2.gemspec
I, [2014-10-23T15:23:22.725018 #1732]  INFO -- : 0:  tilt (1.4.1) from /Users/Ryan/.rvm/gems/ruby-2.0.0-p353@mycv-4.1.6/specifications/tilt-1.4.1.gemspec
I, [2014-10-23T15:23:22.725457 #1732]  INFO -- : 0:  sprockets (2.11.0) from /Users/Ryan/.rvm/gems/ruby-2.0.0-p353@mycv-4.1.6/specifications/sprockets-2.11.0.gemspec
I, [2014-10-23T15:23:22.725895 #1732]  INFO -- : 0:  sprockets-rails (2.1.4) from /Users/Ryan/.rvm/gems/ruby-2.0.0-p353@mycv-4.1.6/specifications/sprockets-rails-2.1.4.gemspec
I, [2014-10-23T15:23:22.726325 #1732]  INFO -- : 0:  rails (4.1.6) from /Users/Ryan/.rvm/gems/ruby-2.0.0-p353@mycv-4.1.6/specifications/rails-4.1.6.gemspec
I, [2014-10-23T15:23:22.726767 #1732]  INFO -- : 0:  rdoc (4.1.2) from /Users/Ryan/.rvm/gems/ruby-2.0.0-p353@mycv-4.1.6/specifications/rdoc-4.1.2.gemspec
I, [2014-10-23T15:23:22.727244 #1732]  INFO -- : 0:  rspec-support (3.1.2) from /Users/Ryan/.rvm/gems/ruby-2.0.0-p353@mycv-4.1.6/specifications/rspec-support-3.1.2.gemspec
I, [2014-10-23T15:23:22.727687 #1732]  INFO -- : 0:  rspec-core (3.1.7) from /Users/Ryan/.rvm/gems/ruby-2.0.0-p353@mycv-4.1.6/specifications/rspec-core-3.1.7.gemspec
I, [2014-10-23T15:23:22.728132 #1732]  INFO -- : 0:  rspec-expectations (3.1.2) from /Users/Ryan/.rvm/gems/ruby-2.0.0-p353@mycv-4.1.6/specifications/rspec-expectations-3.1.2.gemspec
I, [2014-10-23T15:23:22.728576 #1732]  INFO -- : 0:  rspec-mocks (3.1.3) from /Users/Ryan/.rvm/gems/ruby-2.0.0-p353@mycv-4.1.6/specifications/rspec-mocks-3.1.3.gemspec
I, [2014-10-23T15:23:22.729015 #1732]  INFO -- : 0:  rspec (3.1.0) from /Users/Ryan/.rvm/gems/ruby-2.0.0-p353@mycv-4.1.6/specifications/rspec-3.1.0.gemspec
I, [2014-10-23T15:23:22.729466 #1732]  INFO -- : 0:  rspec-rails (3.1.0) from /Users/Ryan/.rvm/gems/ruby-2.0.0-p353@mycv-4.1.6/specifications/rspec-rails-3.1.0.gemspec
I, [2014-10-23T15:23:22.729911 #1732]  INFO -- : 0:  sass (3.2.19) from /Users/Ryan/.rvm/gems/ruby-2.0.0-p353@mycv-4.1.6/specifications/sass-3.2.19.gemspec
I, [2014-10-23T15:23:22.730350 #1732]  INFO -- : 0:  sass-rails (4.0.3) from /Users/Ryan/.rvm/gems/ruby-2.0.0-p353@mycv-4.1.6/specifications/sass-rails-4.0.3.gemspec
I, [2014-10-23T15:23:22.730807 #1732]  INFO -- : 0:  sdoc (0.4.1) from /Users/Ryan/.rvm/gems/ruby-2.0.0-p353@mycv-4.1.6/specifications/sdoc-0.4.1.gemspec
I, [2014-10-23T15:23:22.731202 #1732]  INFO -- : 0:  spring (1.1.3) from /Users/Ryan/.rvm/gems/ruby-2.0.0-p353@mycv-4.1.6/specifications/spring-1.1.3.gemspec
I, [2014-10-23T15:23:22.731595 #1732]  INFO -- : 0:  sqlite3 (1.3.9) from /Users/Ryan/.rvm/gems/ruby-2.0.0-p353@mycv-4.1.6/specifications/sqlite3-1.3.9.gemspec
I, [2014-10-23T15:23:22.732459 #1732]  INFO -- : 0:  turbolinks (2.4.0) from /Users/Ryan/.rvm/gems/ruby-2.0.0-p353@mycv-4.1.6/specifications/turbolinks-2.4.0.gemspec
I, [2014-10-23T15:23:22.732874 #1732]  INFO -- : 0:  uglifier (2.5.3) from /Users/Ryan/.rvm/gems/ruby-2.0.0-p353@mycv-4.1.6/specifications/uglifier-2.5.3.gemspec
I, [2014-10-27T12:51:48.333413 #8714]  INFO -- : 0:  rake (10.3.2) from /Users/Ryan/.rvm/gems/ruby-2.0.0-p353@mycv-4.1.6/specifications/rake-10.3.2.gemspec
I, [2014-10-27T12:51:48.359783 #8714]  INFO -- : 0:  i18n (0.6.11) from /Users/Ryan/.rvm/gems/ruby-2.0.0-p353@mycv-4.1.6/specifications/i18n-0.6.11.gemspec
I, [2014-10-27T12:51:48.360523 #8714]  INFO -- : 0:  json (1.8.1) from /Users/Ryan/.rvm/gems/ruby-2.0.0-p353@mycv-4.1.6/specifications/json-1.8.1.gemspec
I, [2014-10-27T12:51:48.361160 #8714]  INFO -- : 0:  minitest (5.4.2) from /Users/Ryan/.rvm/gems/ruby-2.0.0-p353@mycv-4.1.6/specifications/minitest-5.4.2.gemspec
I, [2014-10-27T12:51:48.362713 #8714]  INFO -- : 0:  thread_safe (0.3.4) from /Users/Ryan/.rvm/gems/ruby-2.0.0-p353@mycv-4.1.6/specifications/thread_safe-0.3.4.gemspec
I, [2014-10-27T12:51:48.363441 #8714]  INFO -- : 0:  tzinfo (1.2.2) from /Users/Ryan/.rvm/gems/ruby-2.0.0-p353@mycv-4.1.6/specifications/tzinfo-1.2.2.gemspec
I, [2014-10-27T12:51:48.363880 #8714]  INFO -- : 0:  activesupport (4.1.6) from /Users/Ryan/.rvm/gems/ruby-2.0.0-p353@mycv-4.1.6/specifications/activesupport-4.1.6.gemspec
I, [2014-10-27T12:51:48.364290 #8714]  INFO -- : 0:  builder (3.2.2) from /Users/Ryan/.rvm/gems/ruby-2.0.0-p353@mycv-4.1.6/specifications/builder-3.2.2.gemspec
I, [2014-10-27T12:51:48.364681 #8714]  INFO -- : 0:  erubis (2.7.0) from /Users/Ryan/.rvm/gems/ruby-2.0.0-p353@mycv-4.1.6/specifications/erubis-2.7.0.gemspec
I, [2014-10-27T12:51:48.365046 #8714]  INFO -- : 0:  actionview (4.1.6) from /Users/Ryan/.rvm/gems/ruby-2.0.0-p353@mycv-4.1.6/specifications/actionview-4.1.6.gemspec
I, [2014-10-27T12:51:48.365409 #8714]  INFO -- : 0:  rack (1.5.2) from /Users/Ryan/.rvm/gems/ruby-2.0.0-p353@mycv-4.1.6/specifications/rack-1.5.2.gemspec
I, [2014-10-27T12:51:48.365787 #8714]  INFO -- : 0:  rack-test (0.6.2) from /Users/Ryan/.rvm/gems/ruby-2.0.0-p353@mycv-4.1.6/specifications/rack-test-0.6.2.gemspec
I, [2014-10-27T12:51:48.366209 #8714]  INFO -- : 0:  actionpack (4.1.6) from /Users/Ryan/.rvm/gems/ruby-2.0.0-p353@mycv-4.1.6/specifications/actionpack-4.1.6.gemspec
I, [2014-10-27T12:51:48.366624 #8714]  INFO -- : 0:  mime-types (2.4.1) from /Users/Ryan/.rvm/gems/ruby-2.0.0-p353@mycv-4.1.6/specifications/mime-types-2.4.1.gemspec
I, [2014-10-27T12:51:48.367804 #8714]  INFO -- : 0:  mail (2.6.1) from /Users/Ryan/.rvm/gems/ruby-2.0.0-p353@mycv-4.1.6/specifications/mail-2.6.1.gemspec
I, [2014-10-27T12:51:48.368279 #8714]  INFO -- : 0:  actionmailer (4.1.6) from /Users/Ryan/.rvm/gems/ruby-2.0.0-p353@mycv-4.1.6/specifications/actionmailer-4.1.6.gemspec
I, [2014-10-27T12:51:48.368726 #8714]  INFO -- : 0:  activemodel (4.1.6) from /Users/Ryan/.rvm/gems/ruby-2.0.0-p353@mycv-4.1.6/specifications/activemodel-4.1.6.gemspec
I, [2014-10-27T12:51:48.369128 #8714]  INFO -- : 0:  arel (5.0.1.20140414130214) from /Users/Ryan/.rvm/gems/ruby-2.0.0-p353@mycv-4.1.6/specifications/arel-5.0.1.20140414130214.gemspec
I, [2014-10-27T12:51:48.369506 #8714]  INFO -- : 0:  activerecord (4.1.6) from /Users/Ryan/.rvm/gems/ruby-2.0.0-p353@mycv-4.1.6/specifications/activerecord-4.1.6.gemspec
I, [2014-10-27T12:52:04.057590 #8714]  INFO -- : 0:  bcrypt (3.1.9) from /Users/Ryan/.rvm/gems/ruby-2.0.0-p353@mycv-4.1.6/specifications/bcrypt-3.1.9.gemspec
I, [2014-10-27T12:52:04.058733 #8714]  INFO -- : 0:  bundler (1.5.1) from /Users/Ryan/.rvm/gems/ruby-2.0.0-p353@global/specifications/bundler-1.5.1.gemspec
I, [2014-10-27T12:52:04.059680 #8714]  INFO -- : 0:  coffee-script-source (1.8.0) from /Users/Ryan/.rvm/gems/ruby-2.0.0-p353@mycv-4.1.6/specifications/coffee-script-source-1.8.0.gemspec
I, [2014-10-27T12:52:04.060336 #8714]  INFO -- : 0:  execjs (2.2.1) from /Users/Ryan/.rvm/gems/ruby-2.0.0-p353@mycv-4.1.6/specifications/execjs-2.2.1.gemspec
I, [2014-10-27T12:52:04.060948 #8714]  INFO -- : 0:  coffee-script (2.3.0) from /Users/Ryan/.rvm/gems/ruby-2.0.0-p353@mycv-4.1.6/specifications/coffee-script-2.3.0.gemspec
I, [2014-10-27T12:52:04.061520 #8714]  INFO -- : 0:  thor (0.19.1) from /Users/Ryan/.rvm/gems/ruby-2.0.0-p353@mycv-4.1.6/specifications/thor-0.19.1.gemspec
I, [2014-10-27T12:52:04.062087 #8714]  INFO -- : 0:  railties (4.1.6) from /Users/Ryan/.rvm/gems/ruby-2.0.0-p353@mycv-4.1.6/specifications/railties-4.1.6.gemspec
I, [2014-10-27T12:52:04.062626 #8714]  INFO -- : 0:  coffee-rails (4.0.1) from /Users/Ryan/.rvm/gems/ruby-2.0.0-p353@mycv-4.1.6/specifications/coffee-rails-4.0.1.gemspec
I, [2014-10-27T12:52:05.111329 #8714]  INFO -- : 0:  orm_adapter (0.5.0) from /Users/Ryan/.rvm/gems/ruby-2.0.0-p353@mycv-4.1.6/specifications/orm_adapter-0.5.0.gemspec
I, [2014-10-27T12:52:06.015915 #8714]  INFO -- : 0:  responders (1.1.1) from /Users/Ryan/.rvm/gems/ruby-2.0.0-p353@mycv-4.1.6/specifications/responders-1.1.1.gemspec
I, [2014-10-27T12:52:07.161271 #8714]  INFO -- : 0:  warden (1.2.3) from /Users/Ryan/.rvm/gems/ruby-2.0.0-p353@mycv-4.1.6/specifications/warden-1.2.3.gemspec
I, [2014-10-27T12:52:08.659647 #8714]  INFO -- : 0:  devise (3.4.0) from /Users/Ryan/.rvm/gems/ruby-2.0.0-p353@mycv-4.1.6/specifications/devise-3.4.0.gemspec
I, [2014-10-27T12:52:08.660369 #8714]  INFO -- : 0:  diff-lcs (1.2.5) from /Users/Ryan/.rvm/gems/ruby-2.0.0-p353@mycv-4.1.6/specifications/diff-lcs-1.2.5.gemspec
I, [2014-10-27T12:52:08.661015 #8714]  INFO -- : 0:  factory_girl (4.5.0) from /Users/Ryan/.rvm/gems/ruby-2.0.0-p353@mycv-4.1.6/specifications/factory_girl-4.5.0.gemspec
I, [2014-10-27T12:52:08.661423 #8714]  INFO -- : 0:  factory_girl_rails (4.5.0) from /Users/Ryan/.rvm/gems/ruby-2.0.0-p353@mycv-4.1.6/specifications/factory_girl_rails-4.5.0.gemspec
I, [2014-10-27T12:52:08.661842 #8714]  INFO -- : 0:  faker (1.4.3) from /Users/Ryan/.rvm/gems/ruby-2.0.0-p353@mycv-4.1.6/specifications/faker-1.4.3.gemspec
I, [2014-10-27T12:52:08.662275 #8714]  INFO -- : 0:  hike (1.2.3) from /Users/Ryan/.rvm/gems/ruby-2.0.0-p353@mycv-4.1.6/specifications/hike-1.2.3.gemspec
I, [2014-10-27T12:52:08.662699 #8714]  INFO -- : 0:  multi_json (1.10.1) from /Users/Ryan/.rvm/gems/ruby-2.0.0-p353@mycv-4.1.6/specifications/multi_json-1.10.1.gemspec
I, [2014-10-27T12:52:08.663127 #8714]  INFO -- : 0:  jbuilder (2.2.2) from /Users/Ryan/.rvm/gems/ruby-2.0.0-p353@mycv-4.1.6/specifications/jbuilder-2.2.2.gemspec
I, [2014-10-27T12:52:08.663546 #8714]  INFO -- : 0:  jquery-rails (3.1.2) from /Users/Ryan/.rvm/gems/ruby-2.0.0-p353@mycv-4.1.6/specifications/jquery-rails-3.1.2.gemspec
I, [2014-10-27T12:52:08.664043 #8714]  INFO -- : 0:  tilt (1.4.1) from /Users/Ryan/.rvm/gems/ruby-2.0.0-p353@mycv-4.1.6/specifications/tilt-1.4.1.gemspec
I, [2014-10-27T12:52:08.664449 #8714]  INFO -- : 0:  sprockets (2.11.0) from /Users/Ryan/.rvm/gems/ruby-2.0.0-p353@mycv-4.1.6/specifications/sprockets-2.11.0.gemspec
I, [2014-10-27T12:52:08.664828 #8714]  INFO -- : 0:  sprockets-rails (2.1.4) from /Users/Ryan/.rvm/gems/ruby-2.0.0-p353@mycv-4.1.6/specifications/sprockets-rails-2.1.4.gemspec
I, [2014-10-27T12:52:08.665198 #8714]  INFO -- : 0:  rails (4.1.6) from /Users/Ryan/.rvm/gems/ruby-2.0.0-p353@mycv-4.1.6/specifications/rails-4.1.6.gemspec
I, [2014-10-27T12:52:08.667053 #8714]  INFO -- : 0:  rdoc (4.1.2) from /Users/Ryan/.rvm/gems/ruby-2.0.0-p353@mycv-4.1.6/specifications/rdoc-4.1.2.gemspec
I, [2014-10-27T12:52:08.668900 #8714]  INFO -- : 0:  rspec-support (3.1.2) from /Users/Ryan/.rvm/gems/ruby-2.0.0-p353@mycv-4.1.6/specifications/rspec-support-3.1.2.gemspec
I, [2014-10-27T12:52:08.669468 #8714]  INFO -- : 0:  rspec-core (3.1.7) from /Users/Ryan/.rvm/gems/ruby-2.0.0-p353@mycv-4.1.6/specifications/rspec-core-3.1.7.gemspec
I, [2014-10-27T12:52:08.669876 #8714]  INFO -- : 0:  rspec-expectations (3.1.2) from /Users/Ryan/.rvm/gems/ruby-2.0.0-p353@mycv-4.1.6/specifications/rspec-expectations-3.1.2.gemspec
I, [2014-10-27T12:52:08.670302 #8714]  INFO -- : 0:  rspec-mocks (3.1.3) from /Users/Ryan/.rvm/gems/ruby-2.0.0-p353@mycv-4.1.6/specifications/rspec-mocks-3.1.3.gemspec
I, [2014-10-27T12:52:08.671247 #8714]  INFO -- : 0:  rspec (3.1.0) from /Users/Ryan/.rvm/gems/ruby-2.0.0-p353@mycv-4.1.6/specifications/rspec-3.1.0.gemspec
I, [2014-10-27T12:52:08.671925 #8714]  INFO -- : 0:  rspec-rails (3.1.0) from /Users/Ryan/.rvm/gems/ruby-2.0.0-p353@mycv-4.1.6/specifications/rspec-rails-3.1.0.gemspec
I, [2014-10-27T12:52:08.673029 #8714]  INFO -- : 0:  sass (3.2.19) from /Users/Ryan/.rvm/gems/ruby-2.0.0-p353@mycv-4.1.6/specifications/sass-3.2.19.gemspec
I, [2014-10-27T12:52:08.674531 #8714]  INFO -- : 0:  sass-rails (4.0.3) from /Users/Ryan/.rvm/gems/ruby-2.0.0-p353@mycv-4.1.6/specifications/sass-rails-4.0.3.gemspec
I, [2014-10-27T12:52:08.675173 #8714]  INFO -- : 0:  sdoc (0.4.1) from /Users/Ryan/.rvm/gems/ruby-2.0.0-p353@mycv-4.1.6/specifications/sdoc-0.4.1.gemspec
I, [2014-10-27T12:52:08.675585 #8714]  INFO -- : 0:  spring (1.1.3) from /Users/Ryan/.rvm/gems/ruby-2.0.0-p353@mycv-4.1.6/specifications/spring-1.1.3.gemspec
I, [2014-10-27T12:52:08.676040 #8714]  INFO -- : 0:  sqlite3 (1.3.9) from /Users/Ryan/.rvm/gems/ruby-2.0.0-p353@mycv-4.1.6/specifications/sqlite3-1.3.9.gemspec
I, [2014-10-27T12:52:08.676547 #8714]  INFO -- : 0:  turbolinks (2.4.0) from /Users/Ryan/.rvm/gems/ruby-2.0.0-p353@mycv-4.1.6/specifications/turbolinks-2.4.0.gemspec
I, [2014-10-27T12:52:08.676957 #8714]  INFO -- : 0:  uglifier (2.5.3) from /Users/Ryan/.rvm/gems/ruby-2.0.0-p353@mycv-4.1.6/specifications/uglifier-2.5.3.gemspec
I, [2014-11-07T21:10:40.840766 #3647]  INFO -- : 0:  rake (10.3.2) from /Users/Ryan/.rvm/gems/ruby-2.0.0-p353@mycv-4.1.6/specifications/rake-10.3.2.gemspec
I, [2014-11-07T21:10:40.853689 #3647]  INFO -- : 0:  i18n (0.6.11) from /Users/Ryan/.rvm/gems/ruby-2.0.0-p353@mycv-4.1.6/specifications/i18n-0.6.11.gemspec
I, [2014-11-07T21:10:40.854124 #3647]  INFO -- : 0:  json (1.8.1) from /Users/Ryan/.rvm/gems/ruby-2.0.0-p353@mycv-4.1.6/specifications/json-1.8.1.gemspec
I, [2014-11-07T21:10:40.854505 #3647]  INFO -- : 0:  minitest (5.4.2) from /Users/Ryan/.rvm/gems/ruby-2.0.0-p353@mycv-4.1.6/specifications/minitest-5.4.2.gemspec
I, [2014-11-07T21:10:40.854893 #3647]  INFO -- : 0:  thread_safe (0.3.4) from /Users/Ryan/.rvm/gems/ruby-2.0.0-p353@mycv-4.1.6/specifications/thread_safe-0.3.4.gemspec
I, [2014-11-07T21:10:40.855330 #3647]  INFO -- : 0:  tzinfo (1.2.2) from /Users/Ryan/.rvm/gems/ruby-2.0.0-p353@mycv-4.1.6/specifications/tzinfo-1.2.2.gemspec
I, [2014-11-07T21:10:40.855707 #3647]  INFO -- : 0:  activesupport (4.1.6) from /Users/Ryan/.rvm/gems/ruby-2.0.0-p353@mycv-4.1.6/specifications/activesupport-4.1.6.gemspec
I, [2014-11-07T21:10:40.856080 #3647]  INFO -- : 0:  builder (3.2.2) from /Users/Ryan/.rvm/gems/ruby-2.0.0-p353@mycv-4.1.6/specifications/builder-3.2.2.gemspec
I, [2014-11-07T21:10:40.856465 #3647]  INFO -- : 0:  erubis (2.7.0) from /Users/Ryan/.rvm/gems/ruby-2.0.0-p353@mycv-4.1.6/specifications/erubis-2.7.0.gemspec
I, [2014-11-07T21:10:40.856866 #3647]  INFO -- : 0:  actionview (4.1.6) from /Users/Ryan/.rvm/gems/ruby-2.0.0-p353@mycv-4.1.6/specifications/actionview-4.1.6.gemspec
I, [2014-11-07T21:10:40.857259 #3647]  INFO -- : 0:  rack (1.5.2) from /Users/Ryan/.rvm/gems/ruby-2.0.0-p353@mycv-4.1.6/specifications/rack-1.5.2.gemspec
I, [2014-11-07T21:10:40.857658 #3647]  INFO -- : 0:  rack-test (0.6.2) from /Users/Ryan/.rvm/gems/ruby-2.0.0-p353@mycv-4.1.6/specifications/rack-test-0.6.2.gemspec
I, [2014-11-07T21:10:40.858053 #3647]  INFO -- : 0:  actionpack (4.1.6) from /Users/Ryan/.rvm/gems/ruby-2.0.0-p353@mycv-4.1.6/specifications/actionpack-4.1.6.gemspec
I, [2014-11-07T21:10:40.860488 #3647]  INFO -- : 0:  mime-types (2.4.1) from /Users/Ryan/.rvm/gems/ruby-2.0.0-p353@mycv-4.1.6/specifications/mime-types-2.4.1.gemspec
I, [2014-11-07T21:10:40.861582 #3647]  INFO -- : 0:  mail (2.6.1) from /Users/Ryan/.rvm/gems/ruby-2.0.0-p353@mycv-4.1.6/specifications/mail-2.6.1.gemspec
I, [2014-11-07T21:10:40.862063 #3647]  INFO -- : 0:  actionmailer (4.1.6) from /Users/Ryan/.rvm/gems/ruby-2.0.0-p353@mycv-4.1.6/specifications/actionmailer-4.1.6.gemspec
I, [2014-11-07T21:10:40.862498 #3647]  INFO -- : 0:  activemodel (4.1.6) from /Users/Ryan/.rvm/gems/ruby-2.0.0-p353@mycv-4.1.6/specifications/activemodel-4.1.6.gemspec
I, [2014-11-07T21:10:40.862921 #3647]  INFO -- : 0:  arel (5.0.1.20140414130214) from /Users/Ryan/.rvm/gems/ruby-2.0.0-p353@mycv-4.1.6/specifications/arel-5.0.1.20140414130214.gemspec
I, [2014-11-07T21:10:40.863352 #3647]  INFO -- : 0:  activerecord (4.1.6) from /Users/Ryan/.rvm/gems/ruby-2.0.0-p353@mycv-4.1.6/specifications/activerecord-4.1.6.gemspec
I, [2014-11-07T21:10:40.864073 #3647]  INFO -- : 0:  bcrypt (3.1.9) from /Users/Ryan/.rvm/gems/ruby-2.0.0-p353@mycv-4.1.6/specifications/bcrypt-3.1.9.gemspec
I, [2014-11-07T21:10:40.864733 #3647]  INFO -- : 0:  coffee-script-source (1.8.0) from /Users/Ryan/.rvm/gems/ruby-2.0.0-p353@mycv-4.1.6/specifications/coffee-script-source-1.8.0.gemspec
I, [2014-11-07T21:10:40.865188 #3647]  INFO -- : 0:  execjs (2.2.1) from /Users/Ryan/.rvm/gems/ruby-2.0.0-p353@mycv-4.1.6/specifications/execjs-2.2.1.gemspec
I, [2014-11-07T21:10:40.865632 #3647]  INFO -- : 0:  coffee-script (2.3.0) from /Users/Ryan/.rvm/gems/ruby-2.0.0-p353@mycv-4.1.6/specifications/coffee-script-2.3.0.gemspec
I, [2014-11-07T21:10:40.866046 #3647]  INFO -- : 0:  thor (0.19.1) from /Users/Ryan/.rvm/gems/ruby-2.0.0-p353@mycv-4.1.6/specifications/thor-0.19.1.gemspec
I, [2014-11-07T21:10:40.866463 #3647]  INFO -- : 0:  railties (4.1.6) from /Users/Ryan/.rvm/gems/ruby-2.0.0-p353@mycv-4.1.6/specifications/railties-4.1.6.gemspec
I, [2014-11-07T21:10:40.866872 #3647]  INFO -- : 0:  coffee-rails (4.0.1) from /Users/Ryan/.rvm/gems/ruby-2.0.0-p353@mycv-4.1.6/specifications/coffee-rails-4.0.1.gemspec
I, [2014-11-07T21:10:40.867307 #3647]  INFO -- : 0:  orm_adapter (0.5.0) from /Users/Ryan/.rvm/gems/ruby-2.0.0-p353@mycv-4.1.6/specifications/orm_adapter-0.5.0.gemspec
I, [2014-11-07T21:10:40.867774 #3647]  INFO -- : 0:  responders (1.1.1) from /Users/Ryan/.rvm/gems/ruby-2.0.0-p353@mycv-4.1.6/specifications/responders-1.1.1.gemspec
I, [2014-11-07T21:10:40.868191 #3647]  INFO -- : 0:  warden (1.2.3) from /Users/Ryan/.rvm/gems/ruby-2.0.0-p353@mycv-4.1.6/specifications/warden-1.2.3.gemspec
I, [2014-11-07T21:10:40.868603 #3647]  INFO -- : 0:  devise (3.4.0) from /Users/Ryan/.rvm/gems/ruby-2.0.0-p353@mycv-4.1.6/specifications/devise-3.4.0.gemspec
I, [2014-11-07T21:10:40.869053 #3647]  INFO -- : 0:  diff-lcs (1.2.5) from /Users/Ryan/.rvm/gems/ruby-2.0.0-p353@mycv-4.1.6/specifications/diff-lcs-1.2.5.gemspec
I, [2014-11-07T21:10:40.869472 #3647]  INFO -- : 0:  factory_girl (4.5.0) from /Users/Ryan/.rvm/gems/ruby-2.0.0-p353@mycv-4.1.6/specifications/factory_girl-4.5.0.gemspec
I, [2014-11-07T21:10:40.869904 #3647]  INFO -- : 0:  factory_girl_rails (4.5.0) from /Users/Ryan/.rvm/gems/ruby-2.0.0-p353@mycv-4.1.6/specifications/factory_girl_rails-4.5.0.gemspec
I, [2014-11-07T21:10:40.870270 #3647]  INFO -- : 0:  faker (1.4.3) from /Users/Ryan/.rvm/gems/ruby-2.0.0-p353@mycv-4.1.6/specifications/faker-1.4.3.gemspec
I, [2014-11-07T21:10:40.870752 #3647]  INFO -- : 0:  hike (1.2.3) from /Users/Ryan/.rvm/gems/ruby-2.0.0-p353@mycv-4.1.6/specifications/hike-1.2.3.gemspec
I, [2014-11-07T21:10:40.871141 #3647]  INFO -- : 0:  multi_json (1.10.1) from /Users/Ryan/.rvm/gems/ruby-2.0.0-p353@mycv-4.1.6/specifications/multi_json-1.10.1.gemspec
I, [2014-11-07T21:10:40.871515 #3647]  INFO -- : 0:  jbuilder (2.2.2) from /Users/Ryan/.rvm/gems/ruby-2.0.0-p353@mycv-4.1.6/specifications/jbuilder-2.2.2.gemspec
I, [2014-11-07T21:10:40.871864 #3647]  INFO -- : 0:  jquery-rails (3.1.2) from /Users/Ryan/.rvm/gems/ruby-2.0.0-p353@mycv-4.1.6/specifications/jquery-rails-3.1.2.gemspec
I, [2014-11-07T21:10:40.872197 #3647]  INFO -- : 0:  bundler (1.5.1) from /Users/Ryan/.rvm/gems/ruby-2.0.0-p353@global/specifications/bundler-1.5.1.gemspec
I, [2014-11-07T21:10:40.872540 #3647]  INFO -- : 0:  tilt (1.4.1) from /Users/Ryan/.rvm/gems/ruby-2.0.0-p353@mycv-4.1.6/specifications/tilt-1.4.1.gemspec
I, [2014-11-07T21:10:40.872895 #3647]  INFO -- : 0:  sprockets (2.11.0) from /Users/Ryan/.rvm/gems/ruby-2.0.0-p353@mycv-4.1.6/specifications/sprockets-2.11.0.gemspec
I, [2014-11-07T21:10:40.873406 #3647]  INFO -- : 0:  sprockets-rails (2.1.4) from /Users/Ryan/.rvm/gems/ruby-2.0.0-p353@mycv-4.1.6/specifications/sprockets-rails-2.1.4.gemspec
I, [2014-11-07T21:10:40.873779 #3647]  INFO -- : 0:  rails (4.1.6) from /Users/Ryan/.rvm/gems/ruby-2.0.0-p353@mycv-4.1.6/specifications/rails-4.1.6.gemspec
I, [2014-11-07T21:10:40.874145 #3647]  INFO -- : 0:  rdoc (4.1.2) from /Users/Ryan/.rvm/gems/ruby-2.0.0-p353@mycv-4.1.6/specifications/rdoc-4.1.2.gemspec
I, [2014-11-07T21:10:40.874510 #3647]  INFO -- : 0:  rspec-support (3.1.2) from /Users/Ryan/.rvm/gems/ruby-2.0.0-p353@mycv-4.1.6/specifications/rspec-support-3.1.2.gemspec
I, [2014-11-07T21:10:40.874870 #3647]  INFO -- : 0:  rspec-core (3.1.7) from /Users/Ryan/.rvm/gems/ruby-2.0.0-p353@mycv-4.1.6/specifications/rspec-core-3.1.7.gemspec
I, [2014-11-07T21:10:40.875691 #3647]  INFO -- : 0:  rspec-expectations (3.1.2) from /Users/Ryan/.rvm/gems/ruby-2.0.0-p353@mycv-4.1.6/specifications/rspec-expectations-3.1.2.gemspec
I, [2014-11-07T21:10:40.876588 #3647]  INFO -- : 0:  rspec-mocks (3.1.3) from /Users/Ryan/.rvm/gems/ruby-2.0.0-p353@mycv-4.1.6/specifications/rspec-mocks-3.1.3.gemspec
I, [2014-11-07T21:10:40.877009 #3647]  INFO -- : 0:  rspec (3.1.0) from /Users/Ryan/.rvm/gems/ruby-2.0.0-p353@mycv-4.1.6/specifications/rspec-3.1.0.gemspec
I, [2014-11-07T21:10:40.877423 #3647]  INFO -- : 0:  rspec-rails (3.1.0) from /Users/Ryan/.rvm/gems/ruby-2.0.0-p353@mycv-4.1.6/specifications/rspec-rails-3.1.0.gemspec
I, [2014-11-07T21:10:40.877818 #3647]  INFO -- : 0:  sass (3.2.19) from /Users/Ryan/.rvm/gems/ruby-2.0.0-p353@mycv-4.1.6/specifications/sass-3.2.19.gemspec
I, [2014-11-07T21:10:40.878224 #3647]  INFO -- : 0:  sass-rails (4.0.3) from /Users/Ryan/.rvm/gems/ruby-2.0.0-p353@mycv-4.1.6/specifications/sass-rails-4.0.3.gemspec
I, [2014-11-07T21:10:40.878614 #3647]  INFO -- : 0:  sdoc (0.4.1) from /Users/Ryan/.rvm/gems/ruby-2.0.0-p353@mycv-4.1.6/specifications/sdoc-0.4.1.gemspec
I, [2014-11-07T21:10:40.879005 #3647]  INFO -- : 0:  spring (1.1.3) from /Users/Ryan/.rvm/gems/ruby-2.0.0-p353@mycv-4.1.6/specifications/spring-1.1.3.gemspec
I, [2014-11-07T21:10:40.879406 #3647]  INFO -- : 0:  sqlite3 (1.3.9) from /Users/Ryan/.rvm/gems/ruby-2.0.0-p353@mycv-4.1.6/specifications/sqlite3-1.3.9.gemspec
I, [2014-11-07T21:10:40.879845 #3647]  INFO -- : 0:  turbolinks (2.4.0) from /Users/Ryan/.rvm/gems/ruby-2.0.0-p353@mycv-4.1.6/specifications/turbolinks-2.4.0.gemspec
I, [2014-11-07T21:10:40.880263 #3647]  INFO -- : 0:  uglifier (2.5.3) from /Users/Ryan/.rvm/gems/ruby-2.0.0-p353@mycv-4.1.6/specifications/uglifier-2.5.3.gemspec
I, [2014-11-08T09:00:19.469496 #4862]  INFO -- : 0:  rake (10.3.2) from /Users/Ryan/.rvm/gems/ruby-2.0.0-p353@mycv-4.1.6/specifications/rake-10.3.2.gemspec
I, [2014-11-08T09:00:19.489867 #4862]  INFO -- : 0:  i18n (0.6.11) from /Users/Ryan/.rvm/gems/ruby-2.0.0-p353@mycv-4.1.6/specifications/i18n-0.6.11.gemspec
I, [2014-11-08T09:00:19.490389 #4862]  INFO -- : 0:  json (1.8.1) from /Users/Ryan/.rvm/gems/ruby-2.0.0-p353@mycv-4.1.6/specifications/json-1.8.1.gemspec
I, [2014-11-08T09:00:19.490843 #4862]  INFO -- : 0:  minitest (5.4.2) from /Users/Ryan/.rvm/gems/ruby-2.0.0-p353@mycv-4.1.6/specifications/minitest-5.4.2.gemspec
I, [2014-11-08T09:00:19.491287 #4862]  INFO -- : 0:  thread_safe (0.3.4) from /Users/Ryan/.rvm/gems/ruby-2.0.0-p353@mycv-4.1.6/specifications/thread_safe-0.3.4.gemspec
I, [2014-11-08T09:00:19.491758 #4862]  INFO -- : 0:  tzinfo (1.2.2) from /Users/Ryan/.rvm/gems/ruby-2.0.0-p353@mycv-4.1.6/specifications/tzinfo-1.2.2.gemspec
I, [2014-11-08T09:00:19.492224 #4862]  INFO -- : 0:  activesupport (4.1.6) from /Users/Ryan/.rvm/gems/ruby-2.0.0-p353@mycv-4.1.6/specifications/activesupport-4.1.6.gemspec
I, [2014-11-08T09:00:19.492694 #4862]  INFO -- : 0:  builder (3.2.2) from /Users/Ryan/.rvm/gems/ruby-2.0.0-p353@mycv-4.1.6/specifications/builder-3.2.2.gemspec
I, [2014-11-08T09:00:19.493191 #4862]  INFO -- : 0:  erubis (2.7.0) from /Users/Ryan/.rvm/gems/ruby-2.0.0-p353@mycv-4.1.6/specifications/erubis-2.7.0.gemspec
I, [2014-11-08T09:00:19.493664 #4862]  INFO -- : 0:  actionview (4.1.6) from /Users/Ryan/.rvm/gems/ruby-2.0.0-p353@mycv-4.1.6/specifications/actionview-4.1.6.gemspec
I, [2014-11-08T09:00:19.494101 #4862]  INFO -- : 0:  rack (1.5.2) from /Users/Ryan/.rvm/gems/ruby-2.0.0-p353@mycv-4.1.6/specifications/rack-1.5.2.gemspec
I, [2014-11-08T09:00:19.494557 #4862]  INFO -- : 0:  rack-test (0.6.2) from /Users/Ryan/.rvm/gems/ruby-2.0.0-p353@mycv-4.1.6/specifications/rack-test-0.6.2.gemspec
I, [2014-11-08T09:00:19.495003 #4862]  INFO -- : 0:  actionpack (4.1.6) from /Users/Ryan/.rvm/gems/ruby-2.0.0-p353@mycv-4.1.6/specifications/actionpack-4.1.6.gemspec
I, [2014-11-08T09:00:19.495441 #4862]  INFO -- : 0:  mime-types (2.4.1) from /Users/Ryan/.rvm/gems/ruby-2.0.0-p353@mycv-4.1.6/specifications/mime-types-2.4.1.gemspec
I, [2014-11-08T09:00:19.495877 #4862]  INFO -- : 0:  mail (2.6.1) from /Users/Ryan/.rvm/gems/ruby-2.0.0-p353@mycv-4.1.6/specifications/mail-2.6.1.gemspec
I, [2014-11-08T09:00:19.496299 #4862]  INFO -- : 0:  actionmailer (4.1.6) from /Users/Ryan/.rvm/gems/ruby-2.0.0-p353@mycv-4.1.6/specifications/actionmailer-4.1.6.gemspec
I, [2014-11-08T09:00:19.496686 #4862]  INFO -- : 0:  activemodel (4.1.6) from /Users/Ryan/.rvm/gems/ruby-2.0.0-p353@mycv-4.1.6/specifications/activemodel-4.1.6.gemspec
I, [2014-11-08T09:00:19.497064 #4862]  INFO -- : 0:  arel (5.0.1.20140414130214) from /Users/Ryan/.rvm/gems/ruby-2.0.0-p353@mycv-4.1.6/specifications/arel-5.0.1.20140414130214.gemspec
I, [2014-11-08T09:00:19.497451 #4862]  INFO -- : 0:  activerecord (4.1.6) from /Users/Ryan/.rvm/gems/ruby-2.0.0-p353@mycv-4.1.6/specifications/activerecord-4.1.6.gemspec
I, [2014-11-08T09:00:19.497832 #4862]  INFO -- : 0:  bcrypt (3.1.9) from /Users/Ryan/.rvm/gems/ruby-2.0.0-p353@mycv-4.1.6/specifications/bcrypt-3.1.9.gemspec
I, [2014-11-08T09:00:19.498192 #4862]  INFO -- : 0:  bundler (1.5.1) from /Users/Ryan/.rvm/gems/ruby-2.0.0-p353@global/specifications/bundler-1.5.1.gemspec
I, [2014-11-08T09:00:20.713337 #4862]  INFO -- : 0:  carrierwave (0.10.0) from /Users/Ryan/.rvm/gems/ruby-2.0.0-p353@mycv-4.1.6/specifications/carrierwave-0.10.0.gemspec
I, [2014-11-08T09:00:20.714020 #4862]  INFO -- : 0:  coffee-script-source (1.8.0) from /Users/Ryan/.rvm/gems/ruby-2.0.0-p353@mycv-4.1.6/specifications/coffee-script-source-1.8.0.gemspec
I, [2014-11-08T09:00:20.714490 #4862]  INFO -- : 0:  execjs (2.2.1) from /Users/Ryan/.rvm/gems/ruby-2.0.0-p353@mycv-4.1.6/specifications/execjs-2.2.1.gemspec
I, [2014-11-08T09:00:20.714928 #4862]  INFO -- : 0:  coffee-script (2.3.0) from /Users/Ryan/.rvm/gems/ruby-2.0.0-p353@mycv-4.1.6/specifications/coffee-script-2.3.0.gemspec
I, [2014-11-08T09:00:20.715292 #4862]  INFO -- : 0:  thor (0.19.1) from /Users/Ryan/.rvm/gems/ruby-2.0.0-p353@mycv-4.1.6/specifications/thor-0.19.1.gemspec
I, [2014-11-08T09:00:20.715657 #4862]  INFO -- : 0:  railties (4.1.6) from /Users/Ryan/.rvm/gems/ruby-2.0.0-p353@mycv-4.1.6/specifications/railties-4.1.6.gemspec
I, [2014-11-08T09:00:20.716017 #4862]  INFO -- : 0:  coffee-rails (4.0.1) from /Users/Ryan/.rvm/gems/ruby-2.0.0-p353@mycv-4.1.6/specifications/coffee-rails-4.0.1.gemspec
I, [2014-11-08T09:00:20.716374 #4862]  INFO -- : 0:  orm_adapter (0.5.0) from /Users/Ryan/.rvm/gems/ruby-2.0.0-p353@mycv-4.1.6/specifications/orm_adapter-0.5.0.gemspec
I, [2014-11-08T09:00:20.716733 #4862]  INFO -- : 0:  responders (1.1.1) from /Users/Ryan/.rvm/gems/ruby-2.0.0-p353@mycv-4.1.6/specifications/responders-1.1.1.gemspec
I, [2014-11-08T09:00:20.717094 #4862]  INFO -- : 0:  warden (1.2.3) from /Users/Ryan/.rvm/gems/ruby-2.0.0-p353@mycv-4.1.6/specifications/warden-1.2.3.gemspec
I, [2014-11-08T09:00:20.717450 #4862]  INFO -- : 0:  devise (3.4.0) from /Users/Ryan/.rvm/gems/ruby-2.0.0-p353@mycv-4.1.6/specifications/devise-3.4.0.gemspec
I, [2014-11-08T09:00:20.717823 #4862]  INFO -- : 0:  diff-lcs (1.2.5) from /Users/Ryan/.rvm/gems/ruby-2.0.0-p353@mycv-4.1.6/specifications/diff-lcs-1.2.5.gemspec
I, [2014-11-08T09:00:20.718181 #4862]  INFO -- : 0:  factory_girl (4.5.0) from /Users/Ryan/.rvm/gems/ruby-2.0.0-p353@mycv-4.1.6/specifications/factory_girl-4.5.0.gemspec
I, [2014-11-08T09:00:20.718541 #4862]  INFO -- : 0:  factory_girl_rails (4.5.0) from /Users/Ryan/.rvm/gems/ruby-2.0.0-p353@mycv-4.1.6/specifications/factory_girl_rails-4.5.0.gemspec
I, [2014-11-08T09:00:20.718898 #4862]  INFO -- : 0:  faker (1.4.3) from /Users/Ryan/.rvm/gems/ruby-2.0.0-p353@mycv-4.1.6/specifications/faker-1.4.3.gemspec
I, [2014-11-08T09:00:20.719251 #4862]  INFO -- : 0:  hike (1.2.3) from /Users/Ryan/.rvm/gems/ruby-2.0.0-p353@mycv-4.1.6/specifications/hike-1.2.3.gemspec
I, [2014-11-08T09:00:20.719606 #4862]  INFO -- : 0:  multi_json (1.10.1) from /Users/Ryan/.rvm/gems/ruby-2.0.0-p353@mycv-4.1.6/specifications/multi_json-1.10.1.gemspec
I, [2014-11-08T09:00:20.719972 #4862]  INFO -- : 0:  jbuilder (2.2.2) from /Users/Ryan/.rvm/gems/ruby-2.0.0-p353@mycv-4.1.6/specifications/jbuilder-2.2.2.gemspec
I, [2014-11-08T09:00:20.720336 #4862]  INFO -- : 0:  jquery-rails (3.1.2) from /Users/Ryan/.rvm/gems/ruby-2.0.0-p353@mycv-4.1.6/specifications/jquery-rails-3.1.2.gemspec
I, [2014-11-08T09:00:20.720691 #4862]  INFO -- : 0:  tilt (1.4.1) from /Users/Ryan/.rvm/gems/ruby-2.0.0-p353@mycv-4.1.6/specifications/tilt-1.4.1.gemspec
I, [2014-11-08T09:00:20.721055 #4862]  INFO -- : 0:  sprockets (2.11.0) from /Users/Ryan/.rvm/gems/ruby-2.0.0-p353@mycv-4.1.6/specifications/sprockets-2.11.0.gemspec
I, [2014-11-08T09:00:20.721419 #4862]  INFO -- : 0:  sprockets-rails (2.1.4) from /Users/Ryan/.rvm/gems/ruby-2.0.0-p353@mycv-4.1.6/specifications/sprockets-rails-2.1.4.gemspec
I, [2014-11-08T09:00:20.721994 #4862]  INFO -- : 0:  rails (4.1.6) from /Users/Ryan/.rvm/gems/ruby-2.0.0-p353@mycv-4.1.6/specifications/rails-4.1.6.gemspec
I, [2014-11-08T09:00:20.722408 #4862]  INFO -- : 0:  rdoc (4.1.2) from /Users/Ryan/.rvm/gems/ruby-2.0.0-p353@mycv-4.1.6/specifications/rdoc-4.1.2.gemspec
I, [2014-11-08T09:00:20.722907 #4862]  INFO -- : 0:  rspec-support (3.1.2) from /Users/Ryan/.rvm/gems/ruby-2.0.0-p353@mycv-4.1.6/specifications/rspec-support-3.1.2.gemspec
I, [2014-11-08T09:00:20.723305 #4862]  INFO -- : 0:  rspec-core (3.1.7) from /Users/Ryan/.rvm/gems/ruby-2.0.0-p353@mycv-4.1.6/specifications/rspec-core-3.1.7.gemspec
I, [2014-11-08T09:00:20.723695 #4862]  INFO -- : 0:  rspec-expectations (3.1.2) from /Users/Ryan/.rvm/gems/ruby-2.0.0-p353@mycv-4.1.6/specifications/rspec-expectations-3.1.2.gemspec
I, [2014-11-08T09:00:20.724113 #4862]  INFO -- : 0:  rspec-mocks (3.1.3) from /Users/Ryan/.rvm/gems/ruby-2.0.0-p353@mycv-4.1.6/specifications/rspec-mocks-3.1.3.gemspec
I, [2014-11-08T09:00:20.724487 #4862]  INFO -- : 0:  rspec (3.1.0) from /Users/Ryan/.rvm/gems/ruby-2.0.0-p353@mycv-4.1.6/specifications/rspec-3.1.0.gemspec
I, [2014-11-08T09:00:20.724857 #4862]  INFO -- : 0:  rspec-rails (3.1.0) from /Users/Ryan/.rvm/gems/ruby-2.0.0-p353@mycv-4.1.6/specifications/rspec-rails-3.1.0.gemspec
I, [2014-11-08T09:00:20.725223 #4862]  INFO -- : 0:  sass (3.2.19) from /Users/Ryan/.rvm/gems/ruby-2.0.0-p353@mycv-4.1.6/specifications/sass-3.2.19.gemspec
I, [2014-11-08T09:00:20.725602 #4862]  INFO -- : 0:  sass-rails (4.0.3) from /Users/Ryan/.rvm/gems/ruby-2.0.0-p353@mycv-4.1.6/specifications/sass-rails-4.0.3.gemspec
I, [2014-11-08T09:00:20.725976 #4862]  INFO -- : 0:  sdoc (0.4.1) from /Users/Ryan/.rvm/gems/ruby-2.0.0-p353@mycv-4.1.6/specifications/sdoc-0.4.1.gemspec
I, [2014-11-08T09:00:20.726342 #4862]  INFO -- : 0:  spring (1.1.3) from /Users/Ryan/.rvm/gems/ruby-2.0.0-p353@mycv-4.1.6/specifications/spring-1.1.3.gemspec
I, [2014-11-08T09:00:20.727066 #4862]  INFO -- : 0:  sqlite3 (1.3.9) from /Users/Ryan/.rvm/gems/ruby-2.0.0-p353@mycv-4.1.6/specifications/sqlite3-1.3.9.gemspec
I, [2014-11-08T09:00:20.727443 #4862]  INFO -- : 0:  turbolinks (2.4.0) from /Users/Ryan/.rvm/gems/ruby-2.0.0-p353@mycv-4.1.6/specifications/turbolinks-2.4.0.gemspec
I, [2014-11-08T09:00:20.727799 #4862]  INFO -- : 0:  uglifier (2.5.3) from /Users/Ryan/.rvm/gems/ruby-2.0.0-p353@mycv-4.1.6/specifications/uglifier-2.5.3.gemspec
